
[2019-06-13 14:22:41] UTN FRA LOGGER.INFO: metodo=GET, URI=http%3A%2F%2Flocalhost%2FFull-API-REST-Skeleton%2Fpublic, RUTA=cd, autoridad=localhost [] {"uid":"cbdaafa"}
[2019-06-13 14:22:41] UTN FRA LOGGER.INFO: Slim-Skeleton '/' route [] {"uid":"cbdaafa"}
[2019-06-13 14:23:14] UTN FRA LOGGER.INFO: metodo=GET, URI=http%3A%2F%2Flocalhost%2FFull-API-REST-Skeleton%2Fpublic, RUTA=cd, autoridad=localhost [] {"uid":"51c39c8"}
[2019-06-13 14:23:14] UTN FRA LOGGER.INFO: Slim-Skeleton '/' route [] {"uid":"51c39c8"}
[2019-06-13 14:31:21] UTN FRA LOGGER.INFO: metodo=GET, URI=http%3A%2F%2Flocalhost%2FFull-API-REST-Skeleton%2Fpublic, RUTA=cd, autoridad=localhost [] {"uid":"8c0519b"}
[2019-06-13 14:31:21] UTN FRA LOGGER.INFO: Slim-Skeleton '/' route [] {"uid":"8c0519b"}
[2019-06-13 14:33:01] UTN FRA LOGGER.INFO: metodo=POST, URI=http%3A%2F%2Flocalhost%2FFull-API-REST-Skeleton%2Fpublic, RUTA=cd, autoridad=localhost [] {"uid":"0b2cd96"}
[2019-06-13 14:33:04] UTN FRA LOGGER.INFO: metodo=POST, URI=http%3A%2F%2Flocalhost%2FFull-API-REST-Skeleton%2Fpublic, RUTA=cd%2F, autoridad=localhost [] {"uid":"c6b9506"}
[2019-06-13 14:33:08] UTN FRA LOGGER.INFO: metodo=POST, URI=http%3A%2F%2Flocalhost%2FFull-API-REST-Skeleton%2Fpublic, RUTA=cd, autoridad=localhost [] {"uid":"be6a201"}
[2019-06-13 14:33:14] UTN FRA LOGGER.INFO: metodo=GET, URI=http%3A%2F%2Flocalhost%2FFull-API-REST-Skeleton%2Fpublic, RUTA=cd, autoridad=localhost [] {"uid":"c72b911"}
[2019-06-13 14:33:14] UTN FRA LOGGER.INFO: Slim-Skeleton '/' route [] {"uid":"c72b911"}
[2019-06-13 14:41:27] UTN FRA LOGGER.INFO: metodo=GET, URI=http%3A%2F%2Flocalhost%2FFull-API-REST-Skeleton%2Fpublic, RUTA=cd, autoridad=localhost [] {"uid":"a176d8c"}
[2019-06-13 14:41:27] UTN FRA LOGGER.INFO: Slim-Skeleton '/' route [] {"uid":"a176d8c"}
[2019-06-13 14:46:20] UTN FRA LOGGER.INFO: metodo=GET, URI=http%3A%2F%2Flocalhost%2FFull-API-REST-Skeleton%2Fpublic, RUTA=cd, autoridad=localhost [] {"uid":"ee35737"}
[2019-06-13 14:46:20] UTN FRA LOGGER.INFO: Slim-Skeleton '/' route [] {"uid":"ee35737"}
[2019-06-13 14:48:37] UTN FRA LOGGER.INFO: metodo=GET, URI=http%3A%2F%2Flocalhost%2FFull-API-REST-Skeleton%2Fpublic, RUTA=cd, autoridad=localhost [] {"uid":"abec998"}
[2019-06-13 14:48:37] UTN FRA LOGGER.INFO: Slim-Skeleton '/' route [] {"uid":"abec998"}
[2019-06-13 14:48:52] UTN FRA LOGGER.INFO: metodo=GET, URI=http%3A%2F%2Flocalhost%2FFull-API-REST-Skeleton%2Fpublic, RUTA=cd, autoridad=localhost [] {"uid":"8673393"}
[2019-06-13 14:48:52] UTN FRA LOGGER.INFO: Slim-Skeleton '/' route [] {"uid":"8673393"}
[2019-06-13 14:48:59] UTN FRA LOGGER.INFO: metodo=GET, URI=http%3A%2F%2Flocalhost%2FFull-API-REST-Skeleton%2Fpublic, RUTA=%2F, autoridad=localhost [] {"uid":"4ea4dca"}
[2019-06-13 14:48:59] UTN FRA LOGGER.INFO: Slim-Skeleton '/' route [] {"uid":"4ea4dca"}
[2019-06-13 14:50:13] UTN FRA LOGGER.INFO: metodo=GET, URI=http%3A%2F%2Flocalhost%2FFull-API-REST-Skeleton%2Fpublic, RUTA=cd, autoridad=localhost [] {"uid":"7226ecc"}
[2019-06-13 14:50:13] UTN FRA LOGGER.INFO: Slim-Skeleton '/' route [] {"uid":"7226ecc"}
[2019-06-13 14:51:49] UTN FRA LOGGER.INFO: metodo=GET, URI=http%3A%2F%2Flocalhost%2FFull-API-REST-Skeleton%2Fpublic, RUTA=cd, autoridad=localhost [] {"uid":"436b3d9"}
[2019-06-13 14:51:49] UTN FRA LOGGER.INFO: Slim-Skeleton '/' route [] {"uid":"436b3d9"}
[2019-06-13 14:52:04] UTN FRA LOGGER.INFO: metodo=GET, URI=http%3A%2F%2Flocalhost%2FFull-API-REST-Skeleton%2Fpublic, RUTA=cdsadsad, autoridad=localhost [] {"uid":"1d5953a"}
[2019-06-13 14:52:04] UTN FRA LOGGER.INFO: Slim-Skeleton '/' route [] {"uid":"1d5953a"}
[2019-06-13 14:52:24] UTN FRA LOGGER.INFO: metodo=GET, URI=http%3A%2F%2Flocalhost%2FFull-API-REST-Skeleton%2Fpublic, RUTA=cdsadsad, autoridad=localhost [] {"uid":"e59d193"}
[2019-06-13 14:52:24] UTN FRA LOGGER.INFO: Slim-Skeleton '/' route [] {"uid":"e59d193"}
[2019-06-13 14:52:34] UTN FRA LOGGER.INFO: metodo=GET, URI=http%3A%2F%2Flocalhost%2FFull-API-REST-Skeleton%2Fpublic, RUTA=cddasasd, autoridad=localhost [] {"uid":"04a9747"}
[2019-06-13 14:52:34] UTN FRA LOGGER.INFO: Slim-Skeleton '/' route [] {"uid":"04a9747"}
[2019-06-13 14:54:41] UTN FRA LOGGER.INFO: metodo=GET, URI=http%3A%2F%2Flocalhost%2FFull-API-REST-Skeleton%2Fpublic, RUTA=cd, autoridad=localhost [] {"uid":"f107aba"}
[2019-06-13 14:54:41] UTN FRA LOGGER.INFO: Slim-Skeleton '/' route [] {"uid":"f107aba"}
[2019-06-13 15:40:36] UTN FRA LOGGER.INFO: metodo=GET, URI=http%3A%2F%2Flocalhost%2FFull-API-REST-Skeleton%2Fpublic, RUTA=cd, autoridad=localhost [] {"uid":"ef8c25a"}
[2019-06-13 15:40:36] UTN FRA LOGGER.INFO: Slim-Skeleton '/' route [] {"uid":"ef8c25a"}
[2019-06-13 15:40:42] UTN FRA LOGGER.INFO: metodo=GET, URI=http%3A%2F%2Flocalhost%2FFull-API-REST-Skeleton%2Fpublic, RUTA=JWT%2F, autoridad=localhost [] {"uid":"357fab5"}
[2019-06-13 15:41:29] UTN FRA LOGGER.INFO: metodo=GET, URI=http%3A%2F%2Flocalhost%2FFull-API-REST-Skeleton%2Fpublic, RUTA=JWT%2F, autoridad=localhost [] {"uid":"3f334b7"}
[2019-06-13 15:42:30] UTN FRA LOGGER.INFO: metodo=GET, URI=http%3A%2F%2Flocalhost%2FFull-API-REST-Skeleton%2Fpublic, RUTA=JWT%2F, autoridad=localhost [] {"uid":"f77f1dc"}
[2019-06-13 15:45:52] UTN FRA LOGGER.INFO: metodo=GET, URI=http%3A%2F%2Flocalhost%2FFull-API-REST-Skeleton%2Fpublic, RUTA=JWT%2F, autoridad=localhost [] {"uid":"ebede7d"}
[2019-06-13 15:46:48] UTN FRA LOGGER.INFO: metodo=GET, URI=http%3A%2F%2Flocalhost%2FFull-API-REST-Skeleton%2Fpublic, RUTA=JWT%2F, autoridad=localhost [] {"uid":"0ecbf97"}
[2019-06-13 15:46:49] UTN FRA LOGGER.INFO: metodo=GET, URI=http%3A%2F%2Flocalhost%2FFull-API-REST-Skeleton%2Fpublic, RUTA=JWT%2F, autoridad=localhost [] {"uid":"282c134"}
[2019-06-13 15:46:50] UTN FRA LOGGER.INFO: metodo=GET, URI=http%3A%2F%2Flocalhost%2FFull-API-REST-Skeleton%2Fpublic, RUTA=JWT%2F, autoridad=localhost [] {"uid":"3c95600"}
[2019-06-13 15:47:05] UTN FRA LOGGER.INFO: metodo=GET, URI=http%3A%2F%2Flocalhost%2FFull-API-REST-Skeleton%2Fpublic, RUTA=JWT%2F, autoridad=localhost [] {"uid":"c621b16"}
[2019-06-13 15:47:10] UTN FRA LOGGER.INFO: metodo=GET, URI=http%3A%2F%2Flocalhost%2FFull-API-REST-Skeleton%2Fpublic, RUTA=cd, autoridad=localhost [] {"uid":"bf6f035"}
[2019-06-13 15:47:10] UTN FRA LOGGER.INFO: Slim-Skeleton '/' route [] {"uid":"bf6f035"}
[2019-06-13 15:47:16] UTN FRA LOGGER.INFO: metodo=GET, URI=http%3A%2F%2Flocalhost%2FFull-API-REST-Skeleton%2Fpublic, RUTA=JWT%2F, autoridad=localhost [] {"uid":"cfac656"}
[2019-06-13 15:47:52] UTN FRA LOGGER.INFO: metodo=GET, URI=http%3A%2F%2Flocalhost%2FFull-API-REST-Skeleton%2Fpublic, RUTA=JWT%2F, autoridad=localhost [] {"uid":"e14969e"}
[2019-06-13 15:47:55] UTN FRA LOGGER.INFO: metodo=GET, URI=http%3A%2F%2Flocalhost%2FFull-API-REST-Skeleton%2Fpublic, RUTA=JWT, autoridad=localhost [] {"uid":"6b74752"}
[2019-06-13 15:47:55] UTN FRA LOGGER.INFO: Slim-Skeleton '/' route [] {"uid":"6b74752"}
[2019-06-13 15:48:12] UTN FRA LOGGER.INFO: metodo=GET, URI=http%3A%2F%2Flocalhost%2FFull-API-REST-Skeleton%2Fpublic, RUTA=JWT%2FcrearToken, autoridad=localhost [] {"uid":"4d4a878"}
[2019-06-13 15:48:15] UTN FRA LOGGER.INFO: metodo=GET, URI=http%3A%2F%2Flocalhost%2FFull-API-REST-Skeleton%2Fpublic, RUTA=JWT%2FcrearToken%2F, autoridad=localhost [] {"uid":"85c7bd2"}
[2019-06-13 15:50:55] UTN FRA LOGGER.INFO: metodo=GET, URI=http%3A%2F%2Flocalhost%2FFull-API-REST-Skeleton%2Fpublic, RUTA=JWT%2F, autoridad=localhost [] {"uid":"809f0d9"}
[2019-06-13 15:51:28] UTN FRA LOGGER.INFO: metodo=GET, URI=http%3A%2F%2Flocalhost%2FFull-API-REST-Skeleton%2Fpublic, RUTA=JWT%2FdevolverPayLoad, autoridad=localhost [] {"uid":"c4c1acb"}
[2019-06-13 15:51:33] UTN FRA LOGGER.INFO: metodo=GET, URI=http%3A%2F%2Flocalhost%2FFull-API-REST-Skeleton%2Fpublic, RUTA=JWT%2FdevolverPayLoad%2F, autoridad=localhost [] {"uid":"b2bb375"}
[2019-06-13 15:53:23] UTN FRA LOGGER.INFO: metodo=GET, URI=http%3A%2F%2Flocalhost%2FFull-API-REST-Skeleton%2Fpublic, RUTA=JWT%2FdevolverPayLoad%2F, autoridad=localhost [] {"uid":"4be0464"}
[2019-06-13 15:53:26] UTN FRA LOGGER.INFO: metodo=GET, URI=http%3A%2F%2Flocalhost%2FFull-API-REST-Skeleton%2Fpublic, RUTA=JWT%2FdevolverPayLoad%2F, autoridad=localhost [] {"uid":"d345f1e"}
[2019-06-13 15:54:00] UTN FRA LOGGER.INFO: metodo=GET, URI=http%3A%2F%2Flocalhost%2FFull-API-REST-Skeleton%2Fpublic, RUTA=JWT%2FdevolverPayLoad%2F, autoridad=localhost [] {"uid":"914db4e"}
[2019-06-13 15:54:01] UTN FRA LOGGER.INFO: metodo=GET, URI=http%3A%2F%2Flocalhost%2FFull-API-REST-Skeleton%2Fpublic, RUTA=JWT%2FdevolverPayLoad%2F, autoridad=localhost [] {"uid":"d8926fc"}
[2019-06-13 15:54:01] UTN FRA LOGGER.INFO: metodo=GET, URI=http%3A%2F%2Flocalhost%2FFull-API-REST-Skeleton%2Fpublic, RUTA=JWT%2FdevolverPayLoad%2F, autoridad=localhost [] {"uid":"e6913b2"}
[2019-06-13 15:54:01] UTN FRA LOGGER.INFO: metodo=GET, URI=http%3A%2F%2Flocalhost%2FFull-API-REST-Skeleton%2Fpublic, RUTA=JWT%2FdevolverPayLoad%2F, autoridad=localhost [] {"uid":"eb07b32"}
[2019-06-13 15:54:01] UTN FRA LOGGER.INFO: metodo=GET, URI=http%3A%2F%2Flocalhost%2FFull-API-REST-Skeleton%2Fpublic, RUTA=JWT%2FdevolverPayLoad%2F, autoridad=localhost [] {"uid":"5283686"}
[2019-06-13 15:54:02] UTN FRA LOGGER.INFO: metodo=GET, URI=http%3A%2F%2Flocalhost%2FFull-API-REST-Skeleton%2Fpublic, RUTA=JWT%2FdevolverPayLoad%2F, autoridad=localhost [] {"uid":"14a954e"}
[2019-06-13 15:54:02] UTN FRA LOGGER.INFO: metodo=GET, URI=http%3A%2F%2Flocalhost%2FFull-API-REST-Skeleton%2Fpublic, RUTA=JWT%2FdevolverPayLoad%2F, autoridad=localhost [] {"uid":"904e4eb"}
[2019-06-13 15:54:29] UTN FRA LOGGER.INFO: metodo=GET, URI=http%3A%2F%2Flocalhost%2FFull-API-REST-Skeleton%2Fpublic, RUTA=JWT%2FdevolverPayLoad%2F, autoridad=localhost [] {"uid":"6aa5ecf"}
[2019-06-13 15:54:53] UTN FRA LOGGER.INFO: metodo=GET, URI=http%3A%2F%2Flocalhost%2FFull-API-REST-Skeleton%2Fpublic, RUTA=JWT%2FdevolverPayLoad%2F, autoridad=localhost [] {"uid":"8a18527"}
[2019-06-13 16:14:20] UTN FRA LOGGER.INFO: metodo=GET, URI=http%3A%2F%2Flocalhost%2FFull-API-REST-Skeleton%2Fpublic, RUTA=JWT%2F, autoridad=localhost [] {"uid":"55a4605"}
[2019-06-13 16:14:25] UTN FRA LOGGER.INFO: metodo=POST, URI=http%3A%2F%2Flocalhost%2FFull-API-REST-Skeleton%2Fpublic, RUTA=JWT%2F, autoridad=localhost [] {"uid":"f981075"}
[2019-06-13 16:16:52] UTN FRA LOGGER.INFO: metodo=POST, URI=http%3A%2F%2Flocalhost%2FFull-API-REST-Skeleton%2Fpublic, RUTA=JWT%2F, autoridad=localhost [] {"uid":"46748bf"}
[2019-06-13 16:16:56] UTN FRA LOGGER.INFO: metodo=POST, URI=http%3A%2F%2Flocalhost%2FFull-API-REST-Skeleton%2Fpublic, RUTA=JWT%2F, autoridad=localhost [] {"uid":"0caf1e0"}
[2019-06-13 16:17:07] UTN FRA LOGGER.INFO: metodo=GET, URI=http%3A%2F%2Flocalhost%2FFull-API-REST-Skeleton%2Fpublic, RUTA=JWT%2F, autoridad=localhost [] {"uid":"6dd0ab4"}
[2019-06-13 16:19:09] UTN FRA LOGGER.INFO: metodo=GET, URI=http%3A%2F%2Flocalhost%2FFull-API-REST-Skeleton%2Fpublic, RUTA=JWT%2F, autoridad=localhost [] {"uid":"37dd024"}
[2019-06-13 16:19:58] UTN FRA LOGGER.INFO: metodo=GET, URI=http%3A%2F%2Flocalhost%2FFull-API-REST-Skeleton%2Fpublic, RUTA=JWT%2F, autoridad=localhost [] {"uid":"b69d6ce"}
[2019-06-13 16:20:00] UTN FRA LOGGER.INFO: metodo=GET, URI=http%3A%2F%2Flocalhost%2FFull-API-REST-Skeleton%2Fpublic, RUTA=JWT%2F, autoridad=localhost [] {"uid":"681fbe6"}
[2019-06-13 16:20:32] UTN FRA LOGGER.INFO: metodo=GET, URI=http%3A%2F%2Flocalhost%2FFull-API-REST-Skeleton%2Fpublic, RUTA=JWT%2F, autoridad=localhost [] {"uid":"1ef71a1"}
[2019-06-13 16:20:40] UTN FRA LOGGER.INFO: metodo=GET, URI=http%3A%2F%2Flocalhost%2FFull-API-REST-Skeleton%2Fpublic, RUTA=JWT%2F, autoridad=localhost [] {"uid":"9dfad57"}
[2019-11-05 01:52:48] UTN FRA LOGGER.INFO: metodo=GET, URI=http%3A%2F%2Flocalhost%2FFull-API-REST-Skeleton%2Fpublic, RUTA=%2F, autoridad=localhost [] {"uid":"91b60f0"}
[2019-11-05 01:52:48] UTN FRA LOGGER.INFO: Slim-Skeleton '/' route [] {"uid":"91b60f0"}
[2019-11-05 01:53:39] UTN FRA LOGGER.INFO: metodo=GET, URI=http%3A%2F%2Flocalhost%2FFull-API-REST-Skeleton%2Fpublic, RUTA=facundo, autoridad=localhost [] {"uid":"98f1776"}
[2019-11-05 01:53:39] UTN FRA LOGGER.INFO: Slim-Skeleton '/' route [] {"uid":"98f1776"}
[2019-11-05 01:53:45] UTN FRA LOGGER.INFO: metodo=GET, URI=http%3A%2F%2Flocalhost%2FFull-API-REST-Skeleton%2Fpublic, RUTA=Facundo, autoridad=localhost [] {"uid":"64c9e34"}
[2019-11-05 01:53:45] UTN FRA LOGGER.INFO: Slim-Skeleton '/' route [] {"uid":"64c9e34"}
[2019-11-05 01:56:30] UTN FRA LOGGER.INFO: metodo=GET, URI=http%3A%2F%2Flocalhost%2FFull-API-REST-Skeleton%2Fpublic, RUTA=cdORM%2F, autoridad=localhost [] {"uid":"9852963"}
[2019-11-05 02:03:58] UTN FRA LOGGER.INFO: metodo=GET, URI=http%3A%2F%2Flocalhost%2FFull-API-REST-Skeleton%2Fpublic, RUTA=cdORM%2F, autoridad=localhost [] {"uid":"87333d0"}
[2019-11-05 02:05:07] UTN FRA LOGGER.INFO: metodo=GET, URI=http%3A%2F%2Flocalhost%3A8080, RUTA=%2Fdashboard%2F, autoridad=localhost%3A8080 [] {"uid":"cfff424"}
[2019-11-05 02:05:12] UTN FRA LOGGER.INFO: metodo=GET, URI=http%3A%2F%2Flocalhost%3A8080, RUTA=%2F, autoridad=localhost%3A8080 [] {"uid":"1a5764b"}
[2019-11-05 02:05:12] UTN FRA LOGGER.INFO: Slim-Skeleton '/' route [] {"uid":"1a5764b"}
[2019-11-05 02:09:28] UTN FRA LOGGER.INFO: metodo=GET, URI=http%3A%2F%2Flocalhost%3A8080, RUTA=%2FFull-API-REST-Skeleton%2Fpublic%2FcdORM%2F, autoridad=localhost%3A8080 [] {"uid":"163d807"}
[2019-11-05 02:09:35] UTN FRA LOGGER.INFO: metodo=GET, URI=http%3A%2F%2Flocalhost%3A8080, RUTA=%2Fpublic%2FcdORM%2F, autoridad=localhost%3A8080 [] {"uid":"ca8680b"}
[2019-11-05 02:09:40] UTN FRA LOGGER.INFO: metodo=GET, URI=http%3A%2F%2Flocalhost%3A8080, RUTA=%2FcdORM%2F, autoridad=localhost%3A8080 [] {"uid":"261d8f9"}
[2019-11-05 04:29:00] UTN FRA LOGGER.INFO: metodo=GET, URI=http%3A%2F%2Flocalhost%2FPHP_2%2FOctavio%2FFull-API-REST-Skeleton%2Fpublic, RUTA=%2F, autoridad=localhost [] {"uid":"c0b9d2c"}
[2019-11-05 04:29:00] UTN FRA LOGGER.INFO: Slim-Skeleton '/' route [] {"uid":"c0b9d2c"}
[2019-11-05 04:29:07] UTN FRA LOGGER.INFO: metodo=GET, URI=http%3A%2F%2Flocalhost%2FPHP_2%2FOctavio%2FFull-API-REST-Skeleton%2Fpublic, RUTA=pepe, autoridad=localhost [] {"uid":"cc93b0c"}
[2019-11-05 04:29:07] UTN FRA LOGGER.INFO: Slim-Skeleton '/' route [] {"uid":"cc93b0c"}
[2019-11-05 04:29:35] UTN FRA LOGGER.INFO: metodo=GET, URI=http%3A%2F%2Flocalhost%2FPHP_2%2FOctavio%2FFull-API-REST-Skeleton%2Fpublic, RUTA=pepe, autoridad=localhost [] {"uid":"007063e"}
[2019-11-05 04:29:35] UTN FRA LOGGER.INFO: Slim-Skeleton '/' route [] {"uid":"007063e"}
[2019-11-05 04:29:41] UTN FRA LOGGER.INFO: metodo=GET, URI=http%3A%2F%2Flocalhost%2FPHP_2%2FOctavio%2FFull-API-REST-Skeleton%2Fpublic, RUTA=Facundo, autoridad=localhost [] {"uid":"9b49ef9"}
[2019-11-05 04:29:41] UTN FRA LOGGER.INFO: Slim-Skeleton '/' route [] {"uid":"9b49ef9"}
[2019-11-05 04:37:25] UTN FRA LOGGER.INFO: metodo=GET, URI=http%3A%2F%2Flocalhost%2FPHP_2%2FOctavio%2FFull-API-REST-Skeleton%2Fpublic, RUTA=cdORM%2F, autoridad=localhost [] {"uid":"2729983"}
[2019-11-05 04:38:24] UTN FRA LOGGER.INFO: metodo=GET, URI=http%3A%2F%2Flocalhost%2FPHP_2%2FOctavio%2FFull-API-REST-Skeleton%2Fpublic, RUTA=cdORM%2F, autoridad=localhost [] {"uid":"af7df9a"}
[2019-11-05 04:40:03] UTN FRA LOGGER.INFO: metodo=GET, URI=http%3A%2F%2Flocalhost%3A8080, RUTA=%2FcdORM%2F, autoridad=localhost%3A8080 [] {"uid":"77be0ed"}
[2019-11-07 03:33:02] UTN FRA LOGGER.INFO: metodo=GET, URI=http%3A%2F%2Flocalhost%2FPHP_2%2FOctavio%2FFull-API-REST-Skeleton%2Fpublic, RUTA=cdORM%2F, autoridad=localhost [] {"uid":"613da5e"}
[2019-11-08 00:44:17] UTN FRA LOGGER.INFO: metodo=GET, URI=http%3A%2F%2Flocalhost%2FPHP_2%2FOctavio%2FFull-API-REST-Skeleton%2Fpublic, RUTA=cdORM%2F, autoridad=localhost [] {"uid":"f825293"}
[2019-11-24 23:54:19] UTN FRA LOGGER.INFO: metodo=GET, URI=http%3A%2F%2Flocalhost%2FPHP_2%2FOctavio%2FFull-API-REST-Skeleton%2Fpublic, RUTA=Facundo, autoridad=localhost [] {"uid":"e882469"}
[2019-11-24 23:54:19] UTN FRA LOGGER.INFO: Slim-Skeleton '/' route [] {"uid":"e882469"}
[2019-12-13 04:35:05] UTN FRA LOGGER.INFO: metodo=GET, URI=http%3A%2F%2Flocalhost%3A8080, RUTA=%2Ffacundo, autoridad=localhost%3A8080 [] {"uid":"070b0a1"}
[2019-12-13 04:35:05] UTN FRA LOGGER.INFO: Slim-Skeleton '/' route [] {"uid":"070b0a1"}
[2019-12-13 04:36:14] UTN FRA LOGGER.INFO: metodo=GET, URI=http%3A%2F%2Flocalhost%3A8080, RUTA=%2Ffacundo, autoridad=localhost%3A8080 [] {"uid":"d43ccde"}
[2019-12-13 04:36:14] UTN FRA LOGGER.INFO: Slim-Skeleton '/' route [] {"uid":"d43ccde"}
[2019-12-13 04:53:02] UTN FRA LOGGER.INFO: metodo=GET, URI=http%3A%2F%2Flocalhost%3A8080, RUTA=%2Fempleado%2F, autoridad=localhost%3A8080 [] {"uid":"088e8a7"}
[2019-12-13 04:55:07] UTN FRA LOGGER.INFO: metodo=GET, URI=http%3A%2F%2Flocalhost%3A8080, RUTA=%2Fempleado%2F, autoridad=localhost%3A8080 [] {"uid":"64ca77a"}
[2019-12-13 04:56:01] UTN FRA LOGGER.INFO: metodo=GET, URI=http%3A%2F%2Flocalhost%3A8080, RUTA=%2Fempleado%2F, autoridad=localhost%3A8080 [] {"uid":"1bcc18f"}
[2019-12-13 04:56:17] UTN FRA LOGGER.INFO: metodo=GET, URI=http%3A%2F%2Flocalhost%3A8080, RUTA=%2Fempleado%2F, autoridad=localhost%3A8080 [] {"uid":"d6a6f8e"}
[2019-12-13 04:57:11] UTN FRA LOGGER.INFO: metodo=GET, URI=http%3A%2F%2Flocalhost%3A8080, RUTA=%2Fempleado%2F, autoridad=localhost%3A8080 [] {"uid":"65555cf"}
[2019-12-13 04:57:37] UTN FRA LOGGER.INFO: metodo=GET, URI=http%3A%2F%2Flocalhost%3A8080, RUTA=%2Fempleado%2F, autoridad=localhost%3A8080 [] {"uid":"9038d09"}
[2019-12-13 04:57:47] UTN FRA LOGGER.INFO: metodo=GET, URI=http%3A%2F%2Flocalhost%3A8080, RUTA=%2Fempleado%2F, autoridad=localhost%3A8080 [] {"uid":"958d607"}
[2019-12-13 04:58:26] UTN FRA LOGGER.INFO: metodo=GET, URI=http%3A%2F%2Flocalhost%3A8080, RUTA=%2Fempleado%2F, autoridad=localhost%3A8080 [] {"uid":"84e0e52"}
[2019-12-13 04:58:43] UTN FRA LOGGER.INFO: metodo=GET, URI=http%3A%2F%2Flocalhost%3A8080, RUTA=%2Fempleado%2F, autoridad=localhost%3A8080 [] {"uid":"6b3b866"}
[2019-12-13 04:59:01] UTN FRA LOGGER.INFO: metodo=GET, URI=http%3A%2F%2Flocalhost%3A8080, RUTA=%2Fempleado%2F, autoridad=localhost%3A8080 [] {"uid":"5ec97ef"}
[2019-12-13 04:59:42] UTN FRA LOGGER.INFO: metodo=GET, URI=http%3A%2F%2Flocalhost%3A8080, RUTA=%2Fempleado%2F, autoridad=localhost%3A8080 [] {"uid":"7d5f640"}
[2019-12-13 05:00:01] UTN FRA LOGGER.INFO: metodo=GET, URI=http%3A%2F%2Flocalhost%3A8080, RUTA=%2Fempleado%2F, autoridad=localhost%3A8080 [] {"uid":"bd3be3c"}
[2019-12-13 05:00:48] UTN FRA LOGGER.INFO: metodo=GET, URI=http%3A%2F%2Flocalhost%3A8080, RUTA=%2Fempleado%2F, autoridad=localhost%3A8080 [] {"uid":"710ab6f"}
[2019-12-13 05:01:30] UTN FRA LOGGER.INFO: metodo=GET, URI=http%3A%2F%2Flocalhost%3A8080, RUTA=%2Fempleado%2F, autoridad=localhost%3A8080 [] {"uid":"4c36f39"}
[2019-12-13 05:05:26] UTN FRA LOGGER.INFO: metodo=GET, URI=http%3A%2F%2Flocalhost%3A8080, RUTA=%2Fempleado%2F, autoridad=localhost%3A8080 [] {"uid":"a45516a"}
[2019-12-13 05:05:30] UTN FRA LOGGER.INFO: metodo=GET, URI=http%3A%2F%2Flocalhost%3A8080, RUTA=%2Fempleado, autoridad=localhost%3A8080 [] {"uid":"6059a06"}
[2019-12-13 05:05:30] UTN FRA LOGGER.INFO: Slim-Skeleton '/' route [] {"uid":"6059a06"}
[2019-12-13 05:05:38] UTN FRA LOGGER.INFO: metodo=GET, URI=http%3A%2F%2Flocalhost%3A8080, RUTA=%2Fempleado%2F, autoridad=localhost%3A8080 [] {"uid":"93fc536"}
[2019-12-13 05:05:56] UTN FRA LOGGER.INFO: metodo=GET, URI=http%3A%2F%2Flocalhost%3A8080, RUTA=%2Fempleado%2F, autoridad=localhost%3A8080 [] {"uid":"61b8f8d"}
[2019-12-13 05:06:45] UTN FRA LOGGER.INFO: metodo=GET, URI=http%3A%2F%2Flocalhost%3A8080, RUTA=%2Fempleado%2F, autoridad=localhost%3A8080 [] {"uid":"b600628"}
[2019-12-13 05:06:48] UTN FRA LOGGER.INFO: metodo=GET, URI=http%3A%2F%2Flocalhost%3A8080, RUTA=%2Fempleado%2F, autoridad=localhost%3A8080 [] {"uid":"2f1a4d7"}
[2019-12-13 05:08:26] UTN FRA LOGGER.INFO: metodo=GET, URI=http%3A%2F%2Flocalhost%3A8080, RUTA=%2Fempleado%2F, autoridad=localhost%3A8080 [] {"uid":"7721f59"}
[2019-12-13 05:08:33] UTN FRA LOGGER.INFO: metodo=GET, URI=http%3A%2F%2Flocalhost%3A8080, RUTA=%2Fempleado%2F, autoridad=localhost%3A8080 [] {"uid":"8aae8f7"}
[2019-12-13 05:09:45] UTN FRA LOGGER.INFO: metodo=GET, URI=http%3A%2F%2Flocalhost%3A8080, RUTA=%2Fempleado%2F, autoridad=localhost%3A8080 [] {"uid":"fe01cf0"}
[2019-12-13 05:10:35] UTN FRA LOGGER.INFO: metodo=GET, URI=http%3A%2F%2Flocalhost%3A8080, RUTA=%2Fempleado%2F, autoridad=localhost%3A8080 [] {"uid":"50fb63f"}
[2019-12-13 05:11:10] UTN FRA LOGGER.INFO: metodo=GET, URI=http%3A%2F%2Flocalhost%3A8080, RUTA=%2Fempleado%2F, autoridad=localhost%3A8080 [] {"uid":"945f553"}
[2019-12-13 05:11:18] UTN FRA LOGGER.INFO: metodo=GET, URI=http%3A%2F%2Flocalhost%3A8080, RUTA=%2Fempleado%2F, autoridad=localhost%3A8080 [] {"uid":"53cc3ad"}
[2019-12-13 18:41:40] UTN FRA LOGGER.INFO: metodo=GET, URI=http%3A%2F%2Flocalhost%3A8080, RUTA=%2Fempleado%2F, autoridad=localhost%3A8080 [] {"uid":"87d3953"}
[2019-12-13 21:35:44] UTN FRA LOGGER.INFO: metodo=GET, URI=http%3A%2F%2Flocalhost%3A8080, RUTA=%2Fempleado%2F, autoridad=localhost%3A8080 [] {"uid":"793837f"}
[2019-12-14 20:51:53] UTN FRA LOGGER.INFO: metodo=GET, URI=http%3A%2F%2Flocalhost%3A8080, RUTA=%2Fempleado%2F, autoridad=localhost%3A8080 [] {"uid":"425a4ea"}
[2019-12-14 21:20:12] UTN FRA LOGGER.INFO: metodo=GET, URI=http%3A%2F%2Flocalhost%3A8080, RUTA=%2Fempleado%2F, autoridad=localhost%3A8080 [] {"uid":"f0344ec"}
[2019-12-14 21:26:52] UTN FRA LOGGER.INFO: metodo=POST, URI=http%3A%2F%2Flocalhost%3A8080, RUTA=%2Fempleado%2F, autoridad=localhost%3A8080 [] {"uid":"8234cde"}
[2019-12-14 21:27:54] UTN FRA LOGGER.INFO: metodo=POST, URI=http%3A%2F%2Flocalhost%3A8080, RUTA=%2Fempleado%2F, autoridad=localhost%3A8080 [] {"uid":"85dd2e4"}
[2019-12-14 21:39:23] UTN FRA LOGGER.INFO: metodo=POST, URI=http%3A%2F%2Flocalhost%3A8080, RUTA=%2Fempleado%2F, autoridad=localhost%3A8080 [] {"uid":"e5acf64"}
[2019-12-14 21:39:55] UTN FRA LOGGER.INFO: metodo=POST, URI=http%3A%2F%2Flocalhost%3A8080, RUTA=%2Fempleado%2F, autoridad=localhost%3A8080 [] {"uid":"70dc2ee"}
[2019-12-14 21:41:05] UTN FRA LOGGER.INFO: metodo=POST, URI=http%3A%2F%2Flocalhost%3A8080, RUTA=%2Fempleado%2F, autoridad=localhost%3A8080 [] {"uid":"aa7d4f9"}
[2019-12-14 21:41:58] UTN FRA LOGGER.INFO: metodo=POST, URI=http%3A%2F%2Flocalhost%3A8080, RUTA=%2Fempleado%2F, autoridad=localhost%3A8080 [] {"uid":"95e49e5"}
[2019-12-14 21:55:26] UTN FRA LOGGER.INFO: metodo=GET, URI=http%3A%2F%2Flocalhost%3A8080, RUTA=%2Fempleado%2F, autoridad=localhost%3A8080 [] {"uid":"5d7e903"}
[2019-12-14 22:17:07] UTN FRA LOGGER.INFO: metodo=PUT, URI=http%3A%2F%2Flocalhost%3A8080, RUTA=%2Fempleado%2F, autoridad=localhost%3A8080 [] {"uid":"08081ee"}
[2019-12-14 22:18:15] UTN FRA LOGGER.INFO: metodo=PUT, URI=http%3A%2F%2Flocalhost%3A8080, RUTA=%2Fempleado%2F, autoridad=localhost%3A8080 [] {"uid":"cb4f9ad"}
[2019-12-14 22:18:56] UTN FRA LOGGER.INFO: metodo=PUT, URI=http%3A%2F%2Flocalhost%3A8080, RUTA=%2Fempleado%2F, autoridad=localhost%3A8080 [] {"uid":"add25af"}
[2019-12-14 22:19:05] UTN FRA LOGGER.INFO: metodo=GET, URI=http%3A%2F%2Flocalhost%3A8080, RUTA=%2Fempleado%2F, autoridad=localhost%3A8080 [] {"uid":"bf218c1"}
[2019-12-14 22:19:36] UTN FRA LOGGER.INFO: metodo=PUT, URI=http%3A%2F%2Flocalhost%3A8080, RUTA=%2Fempleado%2F, autoridad=localhost%3A8080 [] {"uid":"5a219a9"}
[2019-12-14 22:20:09] UTN FRA LOGGER.INFO: metodo=PUT, URI=http%3A%2F%2Flocalhost%3A8080, RUTA=%2Fempleado%2F, autoridad=localhost%3A8080 [] {"uid":"980e936"}
[2019-12-15 00:32:01] UTN FRA LOGGER.INFO: metodo=GET, URI=http%3A%2F%2Flocalhost%3A8080, RUTA=%2Fempleado%2F, autoridad=localhost%3A8080 [] {"uid":"2af2bf8"}
[2019-12-15 00:33:27] UTN FRA LOGGER.INFO: metodo=POST, URI=http%3A%2F%2Flocalhost%3A8080, RUTA=%2Fempleado%2F, autoridad=localhost%3A8080 [] {"uid":"fc82985"}
[2019-12-15 01:12:46] UTN FRA LOGGER.INFO: metodo=GET, URI=http%3A%2F%2Flocalhost%3A8080, RUTA=%2Fempleado%2F, autoridad=localhost%3A8080 [] {"uid":"b29d019"}
[2019-12-15 01:22:33] UTN FRA LOGGER.INFO: metodo=POST, URI=http%3A%2F%2Flocalhost%3A8080, RUTA=%2Fempleado%2F, autoridad=localhost%3A8080 [] {"uid":"82bb76b"}
[2019-12-15 01:25:06] UTN FRA LOGGER.INFO: metodo=POST, URI=http%3A%2F%2Flocalhost%3A8080, RUTA=%2Fempleado%2F, autoridad=localhost%3A8080 [] {"uid":"504348f"}
[2019-12-15 01:26:35] UTN FRA LOGGER.INFO: metodo=POST, URI=http%3A%2F%2Flocalhost%3A8080, RUTA=%2Fempleado%2F, autoridad=localhost%3A8080 [] {"uid":"96c3fea"}
[2019-12-15 01:26:56] UTN FRA LOGGER.INFO: metodo=GET, URI=http%3A%2F%2Flocalhost%3A8080, RUTA=%2Fempleado%2F, autoridad=localhost%3A8080 [] {"uid":"e95943e"}
[2019-12-15 02:49:17] UTN FRA LOGGER.INFO: metodo=PUT, URI=http%3A%2F%2Flocalhost%3A8080, RUTA=%2Fempleado%2F, autoridad=localhost%3A8080 [] {"uid":"64b094e"}
[2019-12-15 02:51:09] UTN FRA LOGGER.INFO: metodo=PUT, URI=http%3A%2F%2Flocalhost%3A8080, RUTA=%2Fempleado%2F, autoridad=localhost%3A8080 [] {"uid":"1a28f5e"}
[2019-12-15 02:51:29] UTN FRA LOGGER.INFO: metodo=PUT, URI=http%3A%2F%2Flocalhost%3A8080, RUTA=%2Fempleado%2F, autoridad=localhost%3A8080 [] {"uid":"f9f082e"}
[2019-12-15 02:56:11] UTN FRA LOGGER.INFO: metodo=DELETE, URI=http%3A%2F%2Flocalhost%3A8080, RUTA=%2Fempleado%2F, autoridad=localhost%3A8080 [] {"uid":"a33cc1a"}
[2019-12-15 02:56:56] UTN FRA LOGGER.INFO: metodo=DELETE, URI=http%3A%2F%2Flocalhost%3A8080, RUTA=%2Fempleado%2F, autoridad=localhost%3A8080 [] {"uid":"92f4c1a"}
[2019-12-15 02:57:05] UTN FRA LOGGER.INFO: metodo=DELETE, URI=http%3A%2F%2Flocalhost%3A8080, RUTA=%2Fempleado%2F, autoridad=localhost%3A8080 [] {"uid":"8afa3eb"}
[2019-12-15 02:57:45] UTN FRA LOGGER.INFO: metodo=GET, URI=http%3A%2F%2Flocalhost%3A8080, RUTA=%2Fempleado%2F, autoridad=localhost%3A8080 [] {"uid":"e970ef6"}
[2019-12-15 02:58:17] UTN FRA LOGGER.INFO: metodo=DELETE, URI=http%3A%2F%2Flocalhost%3A8080, RUTA=%2Fempleado%2F, autoridad=localhost%3A8080 [] {"uid":"b10abc0"}
[2019-12-15 03:00:14] UTN FRA LOGGER.INFO: metodo=DELETE, URI=http%3A%2F%2Flocalhost%3A8080, RUTA=%2Fempleado%2F, autoridad=localhost%3A8080 [] {"uid":"0a042b6"}
[2019-12-15 03:01:50] UTN FRA LOGGER.INFO: metodo=DELETE, URI=http%3A%2F%2Flocalhost%3A8080, RUTA=%2Fempleado%2F, autoridad=localhost%3A8080 [] {"uid":"c9b5b50"}
[2019-12-15 03:01:57] UTN FRA LOGGER.INFO: metodo=DELETE, URI=http%3A%2F%2Flocalhost%3A8080, RUTA=%2Fempleado%2F, autoridad=localhost%3A8080 [] {"uid":"25644ca"}
[2019-12-15 03:10:30] UTN FRA LOGGER.INFO: metodo=GET, URI=http%3A%2F%2Flocalhost%3A8080, RUTA=%2Fempleado%2F, autoridad=localhost%3A8080 [] {"uid":"72eb1bf"}
[2019-12-15 03:11:04] UTN FRA LOGGER.INFO: metodo=GET, URI=http%3A%2F%2Flocalhost%3A8080, RUTA=%2Fempleado%2F, autoridad=localhost%3A8080 [] {"uid":"19b880b"}
[2019-12-15 04:25:56] UTN FRA LOGGER.INFO: metodo=GET, URI=http%3A%2F%2Flocalhost%3A8080, RUTA=%2Fempleado%2F, autoridad=localhost%3A8080 [] {"uid":"7dde788"}
[2019-12-15 04:31:40] UTN FRA LOGGER.INFO: metodo=GET, URI=http%3A%2F%2Flocalhost%3A8080, RUTA=%2Fproducto%2F, autoridad=localhost%3A8080 [] {"uid":"00baa66"}
[2019-12-15 04:39:45] UTN FRA LOGGER.INFO: metodo=POST, URI=http%3A%2F%2Flocalhost%3A8080, RUTA=%2Fproducto%2F, autoridad=localhost%3A8080 [] {"uid":"cf9ce17"}
[2019-12-15 04:42:24] UTN FRA LOGGER.INFO: metodo=POST, URI=http%3A%2F%2Flocalhost%3A8080, RUTA=%2Fproducto%2F, autoridad=localhost%3A8080 [] {"uid":"6ebda0f"}
[2019-12-15 04:42:27] UTN FRA LOGGER.INFO: metodo=GET, URI=http%3A%2F%2Flocalhost%3A8080, RUTA=%2Fproducto%2F, autoridad=localhost%3A8080 [] {"uid":"649ceb7"}
[2019-12-15 04:43:07] UTN FRA LOGGER.INFO: metodo=POST, URI=http%3A%2F%2Flocalhost%3A8080, RUTA=%2Fproducto%2F, autoridad=localhost%3A8080 [] {"uid":"46c4c50"}
[2019-12-15 04:43:27] UTN FRA LOGGER.INFO: metodo=POST, URI=http%3A%2F%2Flocalhost%3A8080, RUTA=%2Fproducto%2F, autoridad=localhost%3A8080 [] {"uid":"84f9b1e"}
[2019-12-15 04:43:43] UTN FRA LOGGER.INFO: metodo=GET, URI=http%3A%2F%2Flocalhost%3A8080, RUTA=%2Fempleado%2F, autoridad=localhost%3A8080 [] {"uid":"39ef13e"}
[2019-12-15 04:46:05] UTN FRA LOGGER.INFO: metodo=DELETE, URI=http%3A%2F%2Flocalhost%3A8080, RUTA=%2Fproducto%2F, autoridad=localhost%3A8080 [] {"uid":"b7f19fd"}
[2019-12-15 04:46:16] UTN FRA LOGGER.INFO: metodo=POST, URI=http%3A%2F%2Flocalhost%3A8080, RUTA=%2Fproducto%2F, autoridad=localhost%3A8080 [] {"uid":"2aa482e"}
[2019-12-15 04:46:20] UTN FRA LOGGER.INFO: metodo=GET, URI=http%3A%2F%2Flocalhost%3A8080, RUTA=%2Fproducto%2F, autoridad=localhost%3A8080 [] {"uid":"1ccd33c"}
[2019-12-15 04:50:17] UTN FRA LOGGER.INFO: metodo=PUT, URI=http%3A%2F%2Flocalhost%3A8080, RUTA=%2Fproducto%2F, autoridad=localhost%3A8080 [] {"uid":"6c60400"}
[2019-12-15 04:50:24] UTN FRA LOGGER.INFO: metodo=PUT, URI=http%3A%2F%2Flocalhost%3A8080, RUTA=%2Fproducto%2F, autoridad=localhost%3A8080 [] {"uid":"3ae38e4"}
[2019-12-15 04:50:28] UTN FRA LOGGER.INFO: metodo=PUT, URI=http%3A%2F%2Flocalhost%3A8080, RUTA=%2Fproducto%2F, autoridad=localhost%3A8080 [] {"uid":"5b1abcc"}
[2019-12-15 06:27:28] UTN FRA LOGGER.INFO: metodo=GET, URI=http%3A%2F%2Flocalhost%3A8080, RUTA=%2Fempleado%2F, autoridad=localhost%3A8080 [] {"uid":"53d30ca"}
[2019-12-15 06:27:33] UTN FRA LOGGER.INFO: metodo=GET, URI=http%3A%2F%2Flocalhost%3A8080, RUTA=%2Fempleado%2F, autoridad=localhost%3A8080 [] {"uid":"2f8da2c"}
[2019-12-15 06:28:05] UTN FRA LOGGER.INFO: metodo=GET, URI=http%3A%2F%2Flocalhost%3A8080, RUTA=%2Fempleado%2F, autoridad=localhost%3A8080 [] {"uid":"e93ed74"}
