[2019-06-13 14:22:41] UTN FRA LOGGER.INFO: ::1 [] {"uid":"ecfba35"}
[2019-06-13 14:23:14] UTN FRA LOGGER.INFO: ip :::1 [] {"uid":"f1af206"}
[2019-06-13 14:31:21] UTN FRA LOGGER.INFO: info  =Mozilla/5.0 (X11; Linux x86_64) AppleWebKit/537.36 (KHTML, like Gecko) Chrome/73.0.3683.86 Safari/537.36 [] {"uid":"2676799"}
[2019-06-13 14:31:21] UTN FRA LOGGER.INFO: ip =::1 [] {"uid":"2676799"}
[2019-06-13 14:33:01] UTN FRA LOGGER.INFO: info  =PostmanRuntime/7.1.1 [] {"uid":"1c0e970"}
[2019-06-13 14:33:01] UTN FRA LOGGER.INFO: ip =::1 [] {"uid":"1c0e970"}
[2019-06-13 14:33:04] UTN FRA LOGGER.INFO: info  =PostmanRuntime/7.1.1 [] {"uid":"e0a490b"}
[2019-06-13 14:33:04] UTN FRA LOGGER.INFO: ip =::1 [] {"uid":"e0a490b"}
[2019-06-13 14:33:08] UTN FRA LOGGER.INFO: info  =PostmanRuntime/7.1.1 [] {"uid":"5792b8b"}
[2019-06-13 14:33:08] UTN FRA LOGGER.INFO: ip =::1 [] {"uid":"5792b8b"}
[2019-06-13 14:33:14] UTN FRA LOGGER.INFO: info  =PostmanRuntime/7.1.1 [] {"uid":"c3f3041"}
[2019-06-13 14:33:14] UTN FRA LOGGER.INFO: ip =::1 [] {"uid":"c3f3041"}
[2019-06-13 14:41:27] UTN FRA LOGGER.INFO: info  =Mozilla/5.0 (X11; Linux x86_64; rv:60.0) Gecko/20100101 Firefox/60.0 [] {"uid":"d971c69"}
[2019-06-13 14:41:27] UTN FRA LOGGER.INFO: ip =127.0.0.1 [] {"uid":"d971c69"}
[2019-06-13 14:46:20] UTN FRA LOGGER.INFO: info  =Mozilla/5.0 (X11; Linux x86_64; rv:60.0) Gecko/20100101 Firefox/60.0 [] {"uid":"01737b9"}
[2019-06-13 14:46:20] UTN FRA LOGGER.INFO: ip =127.0.0.1 [] {"uid":"01737b9"}
[2019-06-13 14:48:37] UTN FRA LOGGER.INFO: info  =Mozilla/5.0 (X11; Linux x86_64) AppleWebKit/537.36 (KHTML, like Gecko) Chrome/50.0.2661.76 YaBrowser/16.6.0.6383 (beta) Safari/537.36 [] {"uid":"5d9f7e5"}
[2019-06-13 14:48:37] UTN FRA LOGGER.INFO: ip =::1 [] {"uid":"5d9f7e5"}
[2019-06-13 14:48:52] UTN FRA LOGGER.INFO: info  =Mozilla/5.0 (X11; Linux x86_64) AppleWebKit/537.36 (KHTML, like Gecko) Chrome/50.0.2661.76 YaBrowser/16.6.0.6383 (beta) Safari/537.36 [] {"uid":"f6cdba9"}
[2019-06-13 14:48:52] UTN FRA LOGGER.INFO: ip =::1 [] {"uid":"f6cdba9"}
[2019-06-13 14:48:59] UTN FRA LOGGER.INFO: info  =Mozilla/5.0 (X11; Linux x86_64) AppleWebKit/537.36 (KHTML, like Gecko) Chrome/50.0.2661.76 YaBrowser/16.6.0.6383 (beta) Safari/537.36 [] {"uid":"7fb9fe5"}
[2019-06-13 14:48:59] UTN FRA LOGGER.INFO: ip =::1 [] {"uid":"7fb9fe5"}
[2019-06-13 14:50:12] UTN FRA LOGGER.INFO: info  =Mozilla/5.0 (X11; Linux x86_64) AppleWebKit/537.36 (KHTML, like Gecko) Chrome/71.0.3578.98 Safari/537.36 OPR/58.0.3135.107 [] {"uid":"05adba9"}
[2019-06-13 14:50:13] UTN FRA LOGGER.INFO: ip =::1 [] {"uid":"05adba9"}
[2019-06-13 14:51:49] UTN FRA LOGGER.INFO: info  =Mozilla/5.0 (X11; Linux x86_64) AppleWebKit/537.36 (KHTML, like Gecko) Chrome/73.0.3683.86 Safari/537.36 [] {"uid":"4869fa1"}
[2019-06-13 14:51:49] UTN FRA LOGGER.INFO: ip =::1 [] {"uid":"4869fa1"}
[2019-06-13 14:52:04] UTN FRA LOGGER.INFO: info  =PostmanRuntime/7.1.1 [] {"uid":"955f892"}
[2019-06-13 14:52:04] UTN FRA LOGGER.INFO: ip =::1 [] {"uid":"955f892"}
[2019-06-13 14:52:24] UTN FRA LOGGER.INFO: Datos  =PostmanRuntime/7.1.1 [] {"uid":"3d3557f"}
[2019-06-13 14:52:24] UTN FRA LOGGER.INFO: ip =::1 [] {"uid":"3d3557f"}
[2019-06-13 14:52:34] UTN FRA LOGGER.INFO: Datos  =Mozilla/5.0 (X11; Linux x86_64) AppleWebKit/537.36 (KHTML, like Gecko) Chrome/71.0.3578.98 Safari/537.36 OPR/58.0.3135.107 [] {"uid":"521a87e"}
[2019-06-13 14:52:34] UTN FRA LOGGER.INFO: ip =::1 [] {"uid":"521a87e"}
[2019-06-13 14:54:41] UTN FRA LOGGER.INFO: Datos  =Mozilla/5.0 (X11; Linux x86_64) AppleWebKit/537.36 (KHTML, like Gecko) Chrome/73.0.3683.86 Safari/537.36 [] {"uid":"15b9fd3"}
[2019-06-13 14:54:41] UTN FRA LOGGER.INFO: ip =::1 [] {"uid":"15b9fd3"}
[2019-06-13 15:40:36] UTN FRA LOGGER.INFO: Datos  =Mozilla/5.0 (X11; Linux x86_64) AppleWebKit/537.36 (KHTML, like Gecko) Chrome/73.0.3683.86 Safari/537.36 [] {"uid":"bbb9226"}
[2019-06-13 15:40:36] UTN FRA LOGGER.INFO: ip =::1 [] {"uid":"bbb9226"}
[2019-06-13 15:40:42] UTN FRA LOGGER.INFO: Datos  =Mozilla/5.0 (X11; Linux x86_64) AppleWebKit/537.36 (KHTML, like Gecko) Chrome/73.0.3683.86 Safari/537.36 [] {"uid":"d5105f7"}
[2019-06-13 15:40:42] UTN FRA LOGGER.INFO: ip =::1 [] {"uid":"d5105f7"}
[2019-06-13 15:41:29] UTN FRA LOGGER.INFO: Datos  =Mozilla/5.0 (X11; Linux x86_64) AppleWebKit/537.36 (KHTML, like Gecko) Chrome/73.0.3683.86 Safari/537.36 [] {"uid":"e12c6d8"}
[2019-06-13 15:41:29] UTN FRA LOGGER.INFO: ip =::1 [] {"uid":"e12c6d8"}
[2019-06-13 15:42:30] UTN FRA LOGGER.INFO: Datos  =Mozilla/5.0 (X11; Linux x86_64) AppleWebKit/537.36 (KHTML, like Gecko) Chrome/73.0.3683.86 Safari/537.36 [] {"uid":"36ef6fa"}
[2019-06-13 15:42:30] UTN FRA LOGGER.INFO: ip =::1 [] {"uid":"36ef6fa"}
[2019-06-13 15:45:52] UTN FRA LOGGER.INFO: Datos  =Mozilla/5.0 (X11; Linux x86_64) AppleWebKit/537.36 (KHTML, like Gecko) Chrome/73.0.3683.86 Safari/537.36 [] {"uid":"452e00c"}
[2019-06-13 15:45:52] UTN FRA LOGGER.INFO: ip =::1 [] {"uid":"452e00c"}
[2019-06-13 15:46:48] UTN FRA LOGGER.INFO: Datos  =Mozilla/5.0 (X11; Linux x86_64) AppleWebKit/537.36 (KHTML, like Gecko) Chrome/73.0.3683.86 Safari/537.36 [] {"uid":"accaf17"}
[2019-06-13 15:46:48] UTN FRA LOGGER.INFO: ip =::1 [] {"uid":"accaf17"}
[2019-06-13 15:46:49] UTN FRA LOGGER.INFO: Datos  =Mozilla/5.0 (X11; Linux x86_64) AppleWebKit/537.36 (KHTML, like Gecko) Chrome/73.0.3683.86 Safari/537.36 [] {"uid":"2977b9f"}
[2019-06-13 15:46:49] UTN FRA LOGGER.INFO: ip =::1 [] {"uid":"2977b9f"}
[2019-06-13 15:46:50] UTN FRA LOGGER.INFO: Datos  =Mozilla/5.0 (X11; Linux x86_64) AppleWebKit/537.36 (KHTML, like Gecko) Chrome/73.0.3683.86 Safari/537.36 [] {"uid":"5b1fbcd"}
[2019-06-13 15:46:50] UTN FRA LOGGER.INFO: ip =::1 [] {"uid":"5b1fbcd"}
[2019-06-13 15:47:05] UTN FRA LOGGER.INFO: Datos  =Mozilla/5.0 (X11; Linux x86_64) AppleWebKit/537.36 (KHTML, like Gecko) Chrome/73.0.3683.86 Safari/537.36 [] {"uid":"618e906"}
[2019-06-13 15:47:05] UTN FRA LOGGER.INFO: ip =::1 [] {"uid":"618e906"}
[2019-06-13 15:47:10] UTN FRA LOGGER.INFO: Datos  =Mozilla/5.0 (X11; Linux x86_64) AppleWebKit/537.36 (KHTML, like Gecko) Chrome/73.0.3683.86 Safari/537.36 [] {"uid":"e6f850c"}
[2019-06-13 15:47:10] UTN FRA LOGGER.INFO: ip =::1 [] {"uid":"e6f850c"}
[2019-06-13 15:47:16] UTN FRA LOGGER.INFO: Datos  =Mozilla/5.0 (X11; Linux x86_64) AppleWebKit/537.36 (KHTML, like Gecko) Chrome/73.0.3683.86 Safari/537.36 [] {"uid":"6080469"}
[2019-06-13 15:47:16] UTN FRA LOGGER.INFO: ip =::1 [] {"uid":"6080469"}
[2019-06-13 15:47:52] UTN FRA LOGGER.INFO: Datos  =Mozilla/5.0 (X11; Linux x86_64) AppleWebKit/537.36 (KHTML, like Gecko) Chrome/73.0.3683.86 Safari/537.36 [] {"uid":"be829a8"}
[2019-06-13 15:47:52] UTN FRA LOGGER.INFO: ip =::1 [] {"uid":"be829a8"}
[2019-06-13 15:47:55] UTN FRA LOGGER.INFO: Datos  =Mozilla/5.0 (X11; Linux x86_64) AppleWebKit/537.36 (KHTML, like Gecko) Chrome/73.0.3683.86 Safari/537.36 [] {"uid":"8f497ca"}
[2019-06-13 15:47:55] UTN FRA LOGGER.INFO: ip =::1 [] {"uid":"8f497ca"}
[2019-06-13 15:48:12] UTN FRA LOGGER.INFO: Datos  =Mozilla/5.0 (X11; Linux x86_64) AppleWebKit/537.36 (KHTML, like Gecko) Chrome/73.0.3683.86 Safari/537.36 [] {"uid":"9e48c5a"}
[2019-06-13 15:48:12] UTN FRA LOGGER.INFO: ip =::1 [] {"uid":"9e48c5a"}
[2019-06-13 15:48:15] UTN FRA LOGGER.INFO: Datos  =Mozilla/5.0 (X11; Linux x86_64) AppleWebKit/537.36 (KHTML, like Gecko) Chrome/73.0.3683.86 Safari/537.36 [] {"uid":"b916695"}
[2019-06-13 15:48:15] UTN FRA LOGGER.INFO: ip =::1 [] {"uid":"b916695"}
[2019-06-13 15:50:55] UTN FRA LOGGER.INFO: Datos  =Mozilla/5.0 (X11; Linux x86_64) AppleWebKit/537.36 (KHTML, like Gecko) Chrome/73.0.3683.86 Safari/537.36 [] {"uid":"1dd5fc6"}
[2019-06-13 15:50:55] UTN FRA LOGGER.INFO: ip =::1 [] {"uid":"1dd5fc6"}
[2019-06-13 15:51:28] UTN FRA LOGGER.INFO: Datos  =Mozilla/5.0 (X11; Linux x86_64) AppleWebKit/537.36 (KHTML, like Gecko) Chrome/73.0.3683.86 Safari/537.36 [] {"uid":"458c08c"}
[2019-06-13 15:51:28] UTN FRA LOGGER.INFO: ip =::1 [] {"uid":"458c08c"}
[2019-06-13 15:51:33] UTN FRA LOGGER.INFO: Datos  =Mozilla/5.0 (X11; Linux x86_64) AppleWebKit/537.36 (KHTML, like Gecko) Chrome/73.0.3683.86 Safari/537.36 [] {"uid":"c57b200"}
[2019-06-13 15:51:33] UTN FRA LOGGER.INFO: ip =::1 [] {"uid":"c57b200"}
[2019-06-13 15:53:23] UTN FRA LOGGER.INFO: Datos  =Mozilla/5.0 (X11; Linux x86_64) AppleWebKit/537.36 (KHTML, like Gecko) Chrome/73.0.3683.86 Safari/537.36 [] {"uid":"903207f"}
[2019-06-13 15:53:23] UTN FRA LOGGER.INFO: ip =::1 [] {"uid":"903207f"}
[2019-06-13 15:53:26] UTN FRA LOGGER.INFO: Datos  =Mozilla/5.0 (X11; Linux x86_64) AppleWebKit/537.36 (KHTML, like Gecko) Chrome/73.0.3683.86 Safari/537.36 [] {"uid":"3a71660"}
[2019-06-13 15:53:26] UTN FRA LOGGER.INFO: ip =::1 [] {"uid":"3a71660"}
[2019-06-13 15:54:00] UTN FRA LOGGER.INFO: Datos  =Mozilla/5.0 (X11; Linux x86_64) AppleWebKit/537.36 (KHTML, like Gecko) Chrome/73.0.3683.86 Safari/537.36 [] {"uid":"b363313"}
[2019-06-13 15:54:00] UTN FRA LOGGER.INFO: ip =::1 [] {"uid":"b363313"}
[2019-06-13 15:54:01] UTN FRA LOGGER.INFO: Datos  =Mozilla/5.0 (X11; Linux x86_64) AppleWebKit/537.36 (KHTML, like Gecko) Chrome/73.0.3683.86 Safari/537.36 [] {"uid":"a1ab03e"}
[2019-06-13 15:54:01] UTN FRA LOGGER.INFO: ip =::1 [] {"uid":"a1ab03e"}
[2019-06-13 15:54:01] UTN FRA LOGGER.INFO: Datos  =Mozilla/5.0 (X11; Linux x86_64) AppleWebKit/537.36 (KHTML, like Gecko) Chrome/73.0.3683.86 Safari/537.36 [] {"uid":"74bb1fc"}
[2019-06-13 15:54:01] UTN FRA LOGGER.INFO: ip =::1 [] {"uid":"74bb1fc"}
[2019-06-13 15:54:01] UTN FRA LOGGER.INFO: Datos  =Mozilla/5.0 (X11; Linux x86_64) AppleWebKit/537.36 (KHTML, like Gecko) Chrome/73.0.3683.86 Safari/537.36 [] {"uid":"e07b9d7"}
[2019-06-13 15:54:01] UTN FRA LOGGER.INFO: ip =::1 [] {"uid":"e07b9d7"}
[2019-06-13 15:54:01] UTN FRA LOGGER.INFO: Datos  =Mozilla/5.0 (X11; Linux x86_64) AppleWebKit/537.36 (KHTML, like Gecko) Chrome/73.0.3683.86 Safari/537.36 [] {"uid":"b3e7a0b"}
[2019-06-13 15:54:01] UTN FRA LOGGER.INFO: ip =::1 [] {"uid":"b3e7a0b"}
[2019-06-13 15:54:02] UTN FRA LOGGER.INFO: Datos  =Mozilla/5.0 (X11; Linux x86_64) AppleWebKit/537.36 (KHTML, like Gecko) Chrome/73.0.3683.86 Safari/537.36 [] {"uid":"e6fa77e"}
[2019-06-13 15:54:02] UTN FRA LOGGER.INFO: ip =::1 [] {"uid":"e6fa77e"}
[2019-06-13 15:54:02] UTN FRA LOGGER.INFO: Datos  =Mozilla/5.0 (X11; Linux x86_64) AppleWebKit/537.36 (KHTML, like Gecko) Chrome/73.0.3683.86 Safari/537.36 [] {"uid":"262fbd8"}
[2019-06-13 15:54:02] UTN FRA LOGGER.INFO: ip =::1 [] {"uid":"262fbd8"}
[2019-06-13 15:54:29] UTN FRA LOGGER.INFO: Datos  =Mozilla/5.0 (X11; Linux x86_64) AppleWebKit/537.36 (KHTML, like Gecko) Chrome/73.0.3683.86 Safari/537.36 [] {"uid":"69026c5"}
[2019-06-13 15:54:29] UTN FRA LOGGER.INFO: ip =::1 [] {"uid":"69026c5"}
[2019-06-13 15:54:53] UTN FRA LOGGER.INFO: Datos  =Mozilla/5.0 (X11; Linux x86_64) AppleWebKit/537.36 (KHTML, like Gecko) Chrome/73.0.3683.86 Safari/537.36 [] {"uid":"7f80bac"}
[2019-06-13 15:54:53] UTN FRA LOGGER.INFO: ip =::1 [] {"uid":"7f80bac"}
[2019-06-13 16:14:20] UTN FRA LOGGER.INFO: Datos  =PostmanRuntime/7.1.1 [] {"uid":"f37f107"}
[2019-06-13 16:14:20] UTN FRA LOGGER.INFO: ip =::1 [] {"uid":"f37f107"}
[2019-06-13 16:14:25] UTN FRA LOGGER.INFO: Datos  =PostmanRuntime/7.1.1 [] {"uid":"f86c548"}
[2019-06-13 16:14:25] UTN FRA LOGGER.INFO: ip =::1 [] {"uid":"f86c548"}
[2019-06-13 16:16:52] UTN FRA LOGGER.INFO: Datos  =PostmanRuntime/7.1.1 [] {"uid":"cfce916"}
[2019-06-13 16:16:52] UTN FRA LOGGER.INFO: ip =::1 [] {"uid":"cfce916"}
[2019-06-13 16:16:56] UTN FRA LOGGER.INFO: Datos  =PostmanRuntime/7.1.1 [] {"uid":"24b074c"}
[2019-06-13 16:16:56] UTN FRA LOGGER.INFO: ip =::1 [] {"uid":"24b074c"}
[2019-06-13 16:17:07] UTN FRA LOGGER.INFO: Datos  =PostmanRuntime/7.1.1 [] {"uid":"fecc8fc"}
[2019-06-13 16:17:07] UTN FRA LOGGER.INFO: ip =::1 [] {"uid":"fecc8fc"}
[2019-06-13 16:19:09] UTN FRA LOGGER.INFO: Datos  =Mozilla/5.0 (X11; Linux x86_64) AppleWebKit/537.36 (KHTML, like Gecko) Chrome/73.0.3683.86 Safari/537.36 [] {"uid":"e2193d4"}
[2019-06-13 16:19:09] UTN FRA LOGGER.INFO: ip =::1 [] {"uid":"e2193d4"}
[2019-06-13 16:19:58] UTN FRA LOGGER.INFO: Datos  =Mozilla/5.0 (X11; Linux x86_64) AppleWebKit/537.36 (KHTML, like Gecko) Chrome/73.0.3683.86 Safari/537.36 [] {"uid":"d83d781"}
[2019-06-13 16:19:58] UTN FRA LOGGER.INFO: ip =::1 [] {"uid":"d83d781"}
[2019-06-13 16:20:00] UTN FRA LOGGER.INFO: Datos  =Mozilla/5.0 (X11; Linux x86_64) AppleWebKit/537.36 (KHTML, like Gecko) Chrome/73.0.3683.86 Safari/537.36 [] {"uid":"89e32cc"}
[2019-06-13 16:20:00] UTN FRA LOGGER.INFO: ip =::1 [] {"uid":"89e32cc"}
[2019-06-13 16:20:32] UTN FRA LOGGER.INFO: Datos  =Mozilla/5.0 (X11; Linux x86_64) AppleWebKit/537.36 (KHTML, like Gecko) Chrome/73.0.3683.86 Safari/537.36 [] {"uid":"434586f"}
[2019-06-13 16:20:32] UTN FRA LOGGER.INFO: ip =::1 [] {"uid":"434586f"}
[2019-06-13 16:20:40] UTN FRA LOGGER.INFO: Datos  =PostmanRuntime/7.1.1 [] {"uid":"87cac8e"}
[2019-06-13 16:20:40] UTN FRA LOGGER.INFO: ip =::1 [] {"uid":"87cac8e"}
[2019-11-05 01:52:48] UTN FRA LOGGER.INFO: Datos  =Mozilla/5.0 (Windows NT 6.1; Win64; x64) AppleWebKit/537.36 (KHTML, like Gecko) Chrome/76.0.3809.132 Safari/537.36 [] {"uid":"d407f70"}
[2019-11-05 01:52:48] UTN FRA LOGGER.INFO: ip =::1 [] {"uid":"d407f70"}
[2019-11-05 01:53:39] UTN FRA LOGGER.INFO: Datos  =Mozilla/5.0 (Windows NT 6.1; Win64; x64) AppleWebKit/537.36 (KHTML, like Gecko) Chrome/76.0.3809.132 Safari/537.36 [] {"uid":"20f874d"}
[2019-11-05 01:53:39] UTN FRA LOGGER.INFO: ip =::1 [] {"uid":"20f874d"}
[2019-11-05 01:53:45] UTN FRA LOGGER.INFO: Datos  =Mozilla/5.0 (Windows NT 6.1; Win64; x64) AppleWebKit/537.36 (KHTML, like Gecko) Chrome/76.0.3809.132 Safari/537.36 [] {"uid":"34fa00c"}
[2019-11-05 01:53:45] UTN FRA LOGGER.INFO: ip =::1 [] {"uid":"34fa00c"}
[2019-11-05 01:56:30] UTN FRA LOGGER.INFO: Datos  =Mozilla/5.0 (Windows NT 6.1; Win64; x64) AppleWebKit/537.36 (KHTML, like Gecko) Chrome/76.0.3809.132 Safari/537.36 [] {"uid":"54a0429"}
[2019-11-05 01:56:30] UTN FRA LOGGER.INFO: ip =::1 [] {"uid":"54a0429"}
[2019-11-05 02:03:58] UTN FRA LOGGER.INFO: Datos  =Mozilla/5.0 (Windows NT 6.1; Win64; x64) AppleWebKit/537.36 (KHTML, like Gecko) Chrome/76.0.3809.132 Safari/537.36 [] {"uid":"645cf63"}
[2019-11-05 02:03:58] UTN FRA LOGGER.INFO: ip =::1 [] {"uid":"645cf63"}
[2019-11-05 02:05:07] UTN FRA LOGGER.INFO: Datos  =Mozilla/5.0 (Windows NT 6.1; Win64; x64) AppleWebKit/537.36 (KHTML, like Gecko) Chrome/76.0.3809.132 Safari/537.36 [] {"uid":"8f58f61"}
[2019-11-05 02:05:07] UTN FRA LOGGER.INFO: ip = [] {"uid":"8f58f61"}
[2019-11-05 02:05:12] UTN FRA LOGGER.INFO: Datos  =Mozilla/5.0 (Windows NT 6.1; Win64; x64) AppleWebKit/537.36 (KHTML, like Gecko) Chrome/76.0.3809.132 Safari/537.36 [] {"uid":"9868115"}
[2019-11-05 02:05:12] UTN FRA LOGGER.INFO: ip = [] {"uid":"9868115"}
[2019-11-05 02:09:28] UTN FRA LOGGER.INFO: Datos  =Mozilla/5.0 (Windows NT 6.1; Win64; x64) AppleWebKit/537.36 (KHTML, like Gecko) Chrome/76.0.3809.132 Safari/537.36 [] {"uid":"134be40"}
[2019-11-05 02:09:28] UTN FRA LOGGER.INFO: ip = [] {"uid":"134be40"}
[2019-11-05 02:09:35] UTN FRA LOGGER.INFO: Datos  =Mozilla/5.0 (Windows NT 6.1; Win64; x64) AppleWebKit/537.36 (KHTML, like Gecko) Chrome/76.0.3809.132 Safari/537.36 [] {"uid":"18dc20c"}
[2019-11-05 02:09:35] UTN FRA LOGGER.INFO: ip = [] {"uid":"18dc20c"}
[2019-11-05 02:09:40] UTN FRA LOGGER.INFO: Datos  =Mozilla/5.0 (Windows NT 6.1; Win64; x64) AppleWebKit/537.36 (KHTML, like Gecko) Chrome/76.0.3809.132 Safari/537.36 [] {"uid":"7d45a74"}
[2019-11-05 02:09:40] UTN FRA LOGGER.INFO: ip = [] {"uid":"7d45a74"}
[2019-11-05 04:29:00] UTN FRA LOGGER.INFO: Datos  =Mozilla/5.0 (Windows NT 10.0; Win64; x64) AppleWebKit/537.36 (KHTML, like Gecko) Chrome/77.0.3865.120 Safari/537.36 [] {"uid":"ecb9a08"}
[2019-11-05 04:29:00] UTN FRA LOGGER.INFO: ip =::1 [] {"uid":"ecb9a08"}
[2019-11-05 04:29:07] UTN FRA LOGGER.INFO: Datos  =Mozilla/5.0 (Windows NT 10.0; Win64; x64) AppleWebKit/537.36 (KHTML, like Gecko) Chrome/77.0.3865.120 Safari/537.36 [] {"uid":"f664b59"}
[2019-11-05 04:29:07] UTN FRA LOGGER.INFO: ip =::1 [] {"uid":"f664b59"}
[2019-11-05 04:29:35] UTN FRA LOGGER.INFO: Datos  =Mozilla/5.0 (Windows NT 10.0; Win64; x64) AppleWebKit/537.36 (KHTML, like Gecko) Chrome/77.0.3865.120 Safari/537.36 [] {"uid":"db51a45"}
[2019-11-05 04:29:35] UTN FRA LOGGER.INFO: ip =::1 [] {"uid":"db51a45"}
[2019-11-05 04:29:41] UTN FRA LOGGER.INFO: Datos  =Mozilla/5.0 (Windows NT 10.0; Win64; x64) AppleWebKit/537.36 (KHTML, like Gecko) Chrome/77.0.3865.120 Safari/537.36 [] {"uid":"6fd1af7"}
[2019-11-05 04:29:41] UTN FRA LOGGER.INFO: ip =::1 [] {"uid":"6fd1af7"}
[2019-11-05 04:37:25] UTN FRA LOGGER.INFO: Datos  =Mozilla/5.0 (Windows NT 10.0; Win64; x64) AppleWebKit/537.36 (KHTML, like Gecko) Chrome/77.0.3865.120 Safari/537.36 [] {"uid":"c970c50"}
[2019-11-05 04:37:25] UTN FRA LOGGER.INFO: ip =::1 [] {"uid":"c970c50"}
[2019-11-05 04:38:24] UTN FRA LOGGER.INFO: Datos  =Mozilla/5.0 (Windows NT 10.0; Win64; x64) AppleWebKit/537.36 (KHTML, like Gecko) Chrome/77.0.3865.120 Safari/537.36 [] {"uid":"9370ffd"}
[2019-11-05 04:38:24] UTN FRA LOGGER.INFO: ip =::1 [] {"uid":"9370ffd"}
[2019-11-05 04:40:03] UTN FRA LOGGER.INFO: Datos  =Mozilla/5.0 (Windows NT 10.0; Win64; x64) AppleWebKit/537.36 (KHTML, like Gecko) Chrome/77.0.3865.120 Safari/537.36 [] {"uid":"3362833"}
[2019-11-05 04:40:03] UTN FRA LOGGER.INFO: ip = [] {"uid":"3362833"}
[2019-11-07 03:33:02] UTN FRA LOGGER.INFO: Datos  =Mozilla/5.0 (Windows NT 10.0; Win64; x64) AppleWebKit/537.36 (KHTML, like Gecko) Chrome/78.0.3904.87 Safari/537.36 [] {"uid":"5d48d71"}
[2019-11-07 03:33:02] UTN FRA LOGGER.INFO: ip =::1 [] {"uid":"5d48d71"}
[2019-11-08 00:44:17] UTN FRA LOGGER.INFO: Datos  =Mozilla/5.0 (Windows NT 10.0; Win64; x64) AppleWebKit/537.36 (KHTML, like Gecko) Chrome/78.0.3904.87 Safari/537.36 [] {"uid":"49a9b07"}
[2019-11-08 00:44:17] UTN FRA LOGGER.INFO: ip =::1 [] {"uid":"49a9b07"}
[2019-11-24 23:54:19] UTN FRA LOGGER.INFO: Datos  =Mozilla/5.0 (Windows NT 10.0; Win64; x64) AppleWebKit/537.36 (KHTML, like Gecko) Chrome/78.0.3904.108 Safari/537.36 [] {"uid":"77524c2"}
[2019-11-24 23:54:19] UTN FRA LOGGER.INFO: ip =::1 [] {"uid":"77524c2"}
[2019-12-13 04:35:05] UTN FRA LOGGER.INFO: Datos  =Mozilla/5.0 (Windows NT 10.0; Win64; x64) AppleWebKit/537.36 (KHTML, like Gecko) Chrome/79.0.3945.79 Safari/537.36 [] {"uid":"687b61f"}
[2019-12-13 04:35:05] UTN FRA LOGGER.INFO: ip = [] {"uid":"687b61f"}
[2019-12-13 04:36:14] UTN FRA LOGGER.INFO: Datos  =Mozilla/5.0 (Windows NT 10.0; Win64; x64) AppleWebKit/537.36 (KHTML, like Gecko) Chrome/79.0.3945.79 Safari/537.36 [] {"uid":"dd59b61"}
[2019-12-13 04:36:14] UTN FRA LOGGER.INFO: ip = [] {"uid":"dd59b61"}
[2019-12-13 04:53:02] UTN FRA LOGGER.INFO: Datos  =Mozilla/5.0 (Windows NT 10.0; Win64; x64) AppleWebKit/537.36 (KHTML, like Gecko) Chrome/79.0.3945.79 Safari/537.36 [] {"uid":"4687b4e"}
[2019-12-13 04:53:02] UTN FRA LOGGER.INFO: ip = [] {"uid":"4687b4e"}
[2019-12-13 04:55:07] UTN FRA LOGGER.INFO: Datos  =Mozilla/5.0 (Windows NT 10.0; Win64; x64) AppleWebKit/537.36 (KHTML, like Gecko) Chrome/79.0.3945.79 Safari/537.36 [] {"uid":"57ba419"}
[2019-12-13 04:55:07] UTN FRA LOGGER.INFO: ip = [] {"uid":"57ba419"}
[2019-12-13 04:56:01] UTN FRA LOGGER.INFO: Datos  =Mozilla/5.0 (Windows NT 10.0; Win64; x64) AppleWebKit/537.36 (KHTML, like Gecko) Chrome/79.0.3945.79 Safari/537.36 [] {"uid":"a4c3c37"}
[2019-12-13 04:56:01] UTN FRA LOGGER.INFO: ip = [] {"uid":"a4c3c37"}
[2019-12-13 04:56:17] UTN FRA LOGGER.INFO: Datos  =Mozilla/5.0 (Windows NT 10.0; Win64; x64) AppleWebKit/537.36 (KHTML, like Gecko) Chrome/79.0.3945.79 Safari/537.36 [] {"uid":"3981f3c"}
[2019-12-13 04:56:17] UTN FRA LOGGER.INFO: ip = [] {"uid":"3981f3c"}
[2019-12-13 04:57:11] UTN FRA LOGGER.INFO: Datos  =Mozilla/5.0 (Windows NT 10.0; Win64; x64) AppleWebKit/537.36 (KHTML, like Gecko) Chrome/79.0.3945.79 Safari/537.36 [] {"uid":"6d31231"}
[2019-12-13 04:57:11] UTN FRA LOGGER.INFO: ip = [] {"uid":"6d31231"}
[2019-12-13 04:57:37] UTN FRA LOGGER.INFO: Datos  =Mozilla/5.0 (Windows NT 10.0; Win64; x64) AppleWebKit/537.36 (KHTML, like Gecko) Chrome/79.0.3945.79 Safari/537.36 [] {"uid":"ef61f09"}
[2019-12-13 04:57:37] UTN FRA LOGGER.INFO: ip = [] {"uid":"ef61f09"}
[2019-12-13 04:57:47] UTN FRA LOGGER.INFO: Datos  =Mozilla/5.0 (Windows NT 10.0; Win64; x64) AppleWebKit/537.36 (KHTML, like Gecko) Chrome/79.0.3945.79 Safari/537.36 [] {"uid":"0d72d51"}
[2019-12-13 04:57:47] UTN FRA LOGGER.INFO: ip = [] {"uid":"0d72d51"}
[2019-12-13 04:58:26] UTN FRA LOGGER.INFO: Datos  =Mozilla/5.0 (Windows NT 10.0; Win64; x64) AppleWebKit/537.36 (KHTML, like Gecko) Chrome/79.0.3945.79 Safari/537.36 [] {"uid":"e86034b"}
[2019-12-13 04:58:26] UTN FRA LOGGER.INFO: ip = [] {"uid":"e86034b"}
[2019-12-13 04:58:43] UTN FRA LOGGER.INFO: Datos  =Mozilla/5.0 (Windows NT 10.0; Win64; x64) AppleWebKit/537.36 (KHTML, like Gecko) Chrome/79.0.3945.79 Safari/537.36 [] {"uid":"4fbc6d8"}
[2019-12-13 04:58:43] UTN FRA LOGGER.INFO: ip = [] {"uid":"4fbc6d8"}
[2019-12-13 04:59:01] UTN FRA LOGGER.INFO: Datos  =Mozilla/5.0 (Windows NT 10.0; Win64; x64) AppleWebKit/537.36 (KHTML, like Gecko) Chrome/79.0.3945.79 Safari/537.36 [] {"uid":"9021e35"}
[2019-12-13 04:59:01] UTN FRA LOGGER.INFO: ip = [] {"uid":"9021e35"}
[2019-12-13 04:59:42] UTN FRA LOGGER.INFO: Datos  =Mozilla/5.0 (Windows NT 10.0; Win64; x64) AppleWebKit/537.36 (KHTML, like Gecko) Chrome/79.0.3945.79 Safari/537.36 [] {"uid":"eaab824"}
[2019-12-13 04:59:42] UTN FRA LOGGER.INFO: ip = [] {"uid":"eaab824"}
[2019-12-13 05:00:01] UTN FRA LOGGER.INFO: Datos  =Mozilla/5.0 (Windows NT 10.0; Win64; x64) AppleWebKit/537.36 (KHTML, like Gecko) Chrome/79.0.3945.79 Safari/537.36 [] {"uid":"1241644"}
[2019-12-13 05:00:01] UTN FRA LOGGER.INFO: ip = [] {"uid":"1241644"}
[2019-12-13 05:00:48] UTN FRA LOGGER.INFO: Datos  =Mozilla/5.0 (Windows NT 10.0; Win64; x64) AppleWebKit/537.36 (KHTML, like Gecko) Chrome/79.0.3945.79 Safari/537.36 [] {"uid":"e048982"}
[2019-12-13 05:00:48] UTN FRA LOGGER.INFO: ip = [] {"uid":"e048982"}
[2019-12-13 05:01:30] UTN FRA LOGGER.INFO: Datos  =Mozilla/5.0 (Windows NT 10.0; Win64; x64) AppleWebKit/537.36 (KHTML, like Gecko) Chrome/79.0.3945.79 Safari/537.36 [] {"uid":"bfd1f49"}
[2019-12-13 05:01:30] UTN FRA LOGGER.INFO: ip = [] {"uid":"bfd1f49"}
[2019-12-13 05:05:26] UTN FRA LOGGER.INFO: Datos  =Mozilla/5.0 (Windows NT 10.0; Win64; x64) AppleWebKit/537.36 (KHTML, like Gecko) Chrome/79.0.3945.79 Safari/537.36 [] {"uid":"a9b7a97"}
[2019-12-13 05:05:26] UTN FRA LOGGER.INFO: ip = [] {"uid":"a9b7a97"}
[2019-12-13 05:05:30] UTN FRA LOGGER.INFO: Datos  =Mozilla/5.0 (Windows NT 10.0; Win64; x64) AppleWebKit/537.36 (KHTML, like Gecko) Chrome/79.0.3945.79 Safari/537.36 [] {"uid":"64c6afd"}
[2019-12-13 05:05:30] UTN FRA LOGGER.INFO: ip = [] {"uid":"64c6afd"}
[2019-12-13 05:05:38] UTN FRA LOGGER.INFO: Datos  =Mozilla/5.0 (Windows NT 10.0; Win64; x64) AppleWebKit/537.36 (KHTML, like Gecko) Chrome/79.0.3945.79 Safari/537.36 [] {"uid":"f683b4c"}
[2019-12-13 05:05:38] UTN FRA LOGGER.INFO: ip = [] {"uid":"f683b4c"}
[2019-12-13 05:05:56] UTN FRA LOGGER.INFO: Datos  =Mozilla/5.0 (Windows NT 10.0; Win64; x64) AppleWebKit/537.36 (KHTML, like Gecko) Chrome/79.0.3945.79 Safari/537.36 [] {"uid":"5aad734"}
[2019-12-13 05:05:56] UTN FRA LOGGER.INFO: ip = [] {"uid":"5aad734"}
[2019-12-13 05:06:45] UTN FRA LOGGER.INFO: Datos  =Mozilla/5.0 (Windows NT 10.0; Win64; x64) AppleWebKit/537.36 (KHTML, like Gecko) Chrome/79.0.3945.79 Safari/537.36 [] {"uid":"8be0709"}
[2019-12-13 05:06:45] UTN FRA LOGGER.INFO: ip = [] {"uid":"8be0709"}
[2019-12-13 05:06:48] UTN FRA LOGGER.INFO: Datos  =Mozilla/5.0 (Windows NT 10.0; Win64; x64) AppleWebKit/537.36 (KHTML, like Gecko) Chrome/79.0.3945.79 Safari/537.36 [] {"uid":"5708199"}
[2019-12-13 05:06:48] UTN FRA LOGGER.INFO: ip = [] {"uid":"5708199"}
[2019-12-13 05:08:26] UTN FRA LOGGER.INFO: Datos  =Mozilla/5.0 (Windows NT 10.0; Win64; x64) AppleWebKit/537.36 (KHTML, like Gecko) Chrome/79.0.3945.79 Safari/537.36 [] {"uid":"23dcf55"}
[2019-12-13 05:08:26] UTN FRA LOGGER.INFO: ip = [] {"uid":"23dcf55"}
[2019-12-13 05:08:33] UTN FRA LOGGER.INFO: Datos  =Mozilla/5.0 (Windows NT 10.0; Win64; x64) AppleWebKit/537.36 (KHTML, like Gecko) Chrome/79.0.3945.79 Safari/537.36 [] {"uid":"0839ecd"}
[2019-12-13 05:08:33] UTN FRA LOGGER.INFO: ip = [] {"uid":"0839ecd"}
[2019-12-13 05:09:45] UTN FRA LOGGER.INFO: Datos  =Mozilla/5.0 (Windows NT 10.0; Win64; x64) AppleWebKit/537.36 (KHTML, like Gecko) Chrome/79.0.3945.79 Safari/537.36 [] {"uid":"6bf8e94"}
[2019-12-13 05:09:45] UTN FRA LOGGER.INFO: ip = [] {"uid":"6bf8e94"}
[2019-12-13 05:10:35] UTN FRA LOGGER.INFO: Datos  =Mozilla/5.0 (Windows NT 10.0; Win64; x64) AppleWebKit/537.36 (KHTML, like Gecko) Chrome/79.0.3945.79 Safari/537.36 [] {"uid":"5dd6a12"}
[2019-12-13 05:10:35] UTN FRA LOGGER.INFO: ip = [] {"uid":"5dd6a12"}
[2019-12-13 05:11:10] UTN FRA LOGGER.INFO: Datos  =Mozilla/5.0 (Windows NT 10.0; Win64; x64) AppleWebKit/537.36 (KHTML, like Gecko) Chrome/79.0.3945.79 Safari/537.36 [] {"uid":"aee0885"}
[2019-12-13 05:11:10] UTN FRA LOGGER.INFO: ip = [] {"uid":"aee0885"}
[2019-12-13 05:11:18] UTN FRA LOGGER.INFO: Datos  =Mozilla/5.0 (Windows NT 10.0; Win64; x64) AppleWebKit/537.36 (KHTML, like Gecko) Chrome/79.0.3945.79 Safari/537.36 [] {"uid":"d390d6d"}
[2019-12-13 05:11:18] UTN FRA LOGGER.INFO: ip = [] {"uid":"d390d6d"}
[2019-12-13 18:41:40] UTN FRA LOGGER.INFO: Datos  =Mozilla/5.0 (Windows NT 10.0; Win64; x64) AppleWebKit/537.36 (KHTML, like Gecko) Chrome/79.0.3945.79 Safari/537.36 [] {"uid":"45864d6"}
[2019-12-13 18:41:40] UTN FRA LOGGER.INFO: ip = [] {"uid":"45864d6"}
[2019-12-13 21:35:44] UTN FRA LOGGER.INFO: Datos  =Mozilla/5.0 (Windows NT 10.0; Win64; x64) AppleWebKit/537.36 (KHTML, like Gecko) Chrome/79.0.3945.79 Safari/537.36 [] {"uid":"ef5fae5"}
[2019-12-13 21:35:44] UTN FRA LOGGER.INFO: ip = [] {"uid":"ef5fae5"}
[2019-12-14 20:51:53] UTN FRA LOGGER.INFO: Datos  =Mozilla/5.0 (Windows NT 10.0; Win64; x64) AppleWebKit/537.36 (KHTML, like Gecko) Chrome/79.0.3945.79 Safari/537.36 [] {"uid":"cd478d8"}
[2019-12-14 20:51:53] UTN FRA LOGGER.INFO: ip = [] {"uid":"cd478d8"}
[2019-12-14 21:20:12] UTN FRA LOGGER.INFO: Datos  =Mozilla/5.0 (Windows NT 10.0; Win64; x64) AppleWebKit/537.36 (KHTML, like Gecko) Chrome/79.0.3945.79 Safari/537.36 [] {"uid":"685a16c"}
[2019-12-14 21:20:12] UTN FRA LOGGER.INFO: ip = [] {"uid":"685a16c"}
[2019-12-14 21:26:52] UTN FRA LOGGER.INFO: Datos  =Mozilla/5.0 (Windows NT 10.0; Win64; x64) AppleWebKit/537.36 (KHTML, like Gecko) Chrome/79.0.3945.79 Safari/537.36 [] {"uid":"bd85333"}
[2019-12-14 21:26:52] UTN FRA LOGGER.INFO: ip = [] {"uid":"bd85333"}
[2019-12-14 21:27:54] UTN FRA LOGGER.INFO: Datos  =Mozilla/5.0 (Windows NT 10.0; Win64; x64) AppleWebKit/537.36 (KHTML, like Gecko) Chrome/79.0.3945.79 Safari/537.36 [] {"uid":"ef8344d"}
[2019-12-14 21:27:54] UTN FRA LOGGER.INFO: ip = [] {"uid":"ef8344d"}
[2019-12-14 21:39:23] UTN FRA LOGGER.INFO: Datos  =Mozilla/5.0 (Windows NT 10.0; Win64; x64) AppleWebKit/537.36 (KHTML, like Gecko) Chrome/79.0.3945.79 Safari/537.36 [] {"uid":"772f8af"}
[2019-12-14 21:39:23] UTN FRA LOGGER.INFO: ip = [] {"uid":"772f8af"}
[2019-12-14 21:39:55] UTN FRA LOGGER.INFO: Datos  =Mozilla/5.0 (Windows NT 10.0; Win64; x64) AppleWebKit/537.36 (KHTML, like Gecko) Chrome/79.0.3945.79 Safari/537.36 [] {"uid":"b7dd9ab"}
[2019-12-14 21:39:55] UTN FRA LOGGER.INFO: ip = [] {"uid":"b7dd9ab"}
[2019-12-14 21:41:05] UTN FRA LOGGER.INFO: Datos  =Mozilla/5.0 (Windows NT 10.0; Win64; x64) AppleWebKit/537.36 (KHTML, like Gecko) Chrome/79.0.3945.79 Safari/537.36 [] {"uid":"acd8081"}
[2019-12-14 21:41:05] UTN FRA LOGGER.INFO: ip = [] {"uid":"acd8081"}
[2019-12-14 21:41:58] UTN FRA LOGGER.INFO: Datos  =Mozilla/5.0 (Windows NT 10.0; Win64; x64) AppleWebKit/537.36 (KHTML, like Gecko) Chrome/79.0.3945.79 Safari/537.36 [] {"uid":"2d4bf0f"}
[2019-12-14 21:41:58] UTN FRA LOGGER.INFO: ip = [] {"uid":"2d4bf0f"}
[2019-12-14 21:55:26] UTN FRA LOGGER.INFO: Datos  =Mozilla/5.0 (Windows NT 10.0; Win64; x64) AppleWebKit/537.36 (KHTML, like Gecko) Chrome/79.0.3945.79 Safari/537.36 [] {"uid":"850b065"}
[2019-12-14 21:55:26] UTN FRA LOGGER.INFO: ip = [] {"uid":"850b065"}
[2019-12-14 22:17:07] UTN FRA LOGGER.INFO: Datos  =Mozilla/5.0 (Windows NT 10.0; Win64; x64) AppleWebKit/537.36 (KHTML, like Gecko) Chrome/79.0.3945.79 Safari/537.36 [] {"uid":"cf1e3e2"}
[2019-12-14 22:17:07] UTN FRA LOGGER.INFO: ip = [] {"uid":"cf1e3e2"}
[2019-12-14 22:18:15] UTN FRA LOGGER.INFO: Datos  =Mozilla/5.0 (Windows NT 10.0; Win64; x64) AppleWebKit/537.36 (KHTML, like Gecko) Chrome/79.0.3945.79 Safari/537.36 [] {"uid":"5231ca0"}
[2019-12-14 22:18:15] UTN FRA LOGGER.INFO: ip = [] {"uid":"5231ca0"}
[2019-12-14 22:18:56] UTN FRA LOGGER.INFO: Datos  =Mozilla/5.0 (Windows NT 10.0; Win64; x64) AppleWebKit/537.36 (KHTML, like Gecko) Chrome/79.0.3945.79 Safari/537.36 [] {"uid":"c452bf5"}
[2019-12-14 22:18:56] UTN FRA LOGGER.INFO: ip = [] {"uid":"c452bf5"}
[2019-12-14 22:19:05] UTN FRA LOGGER.INFO: Datos  =Mozilla/5.0 (Windows NT 10.0; Win64; x64) AppleWebKit/537.36 (KHTML, like Gecko) Chrome/79.0.3945.79 Safari/537.36 [] {"uid":"a7e3d38"}
[2019-12-14 22:19:05] UTN FRA LOGGER.INFO: ip = [] {"uid":"a7e3d38"}
[2019-12-14 22:19:36] UTN FRA LOGGER.INFO: Datos  =Mozilla/5.0 (Windows NT 10.0; Win64; x64) AppleWebKit/537.36 (KHTML, like Gecko) Chrome/79.0.3945.79 Safari/537.36 [] {"uid":"015e19f"}
[2019-12-14 22:19:36] UTN FRA LOGGER.INFO: ip = [] {"uid":"015e19f"}
[2019-12-14 22:20:09] UTN FRA LOGGER.INFO: Datos  =Mozilla/5.0 (Windows NT 10.0; Win64; x64) AppleWebKit/537.36 (KHTML, like Gecko) Chrome/79.0.3945.79 Safari/537.36 [] {"uid":"0ce3df2"}
[2019-12-14 22:20:09] UTN FRA LOGGER.INFO: ip = [] {"uid":"0ce3df2"}
[2019-12-15 00:32:01] UTN FRA LOGGER.INFO: Datos  =Mozilla/5.0 (Windows NT 10.0; Win64; x64) AppleWebKit/537.36 (KHTML, like Gecko) Chrome/79.0.3945.79 Safari/537.36 [] {"uid":"dcd655c"}
[2019-12-15 00:32:01] UTN FRA LOGGER.INFO: ip = [] {"uid":"dcd655c"}
[2019-12-15 00:33:27] UTN FRA LOGGER.INFO: Datos  =Mozilla/5.0 (Windows NT 10.0; Win64; x64) AppleWebKit/537.36 (KHTML, like Gecko) Chrome/79.0.3945.79 Safari/537.36 [] {"uid":"23a9935"}
[2019-12-15 00:33:27] UTN FRA LOGGER.INFO: ip = [] {"uid":"23a9935"}
[2019-12-15 01:12:46] UTN FRA LOGGER.INFO: Datos  =Mozilla/5.0 (Windows NT 10.0; Win64; x64) AppleWebKit/537.36 (KHTML, like Gecko) Chrome/79.0.3945.79 Safari/537.36 [] {"uid":"c65b75e"}
[2019-12-15 01:12:46] UTN FRA LOGGER.INFO: ip = [] {"uid":"c65b75e"}
[2019-12-15 01:22:33] UTN FRA LOGGER.INFO: Datos  =Mozilla/5.0 (Windows NT 10.0; Win64; x64) AppleWebKit/537.36 (KHTML, like Gecko) Chrome/79.0.3945.79 Safari/537.36 [] {"uid":"947e325"}
[2019-12-15 01:22:33] UTN FRA LOGGER.INFO: ip = [] {"uid":"947e325"}
[2019-12-15 01:25:06] UTN FRA LOGGER.INFO: Datos  =Mozilla/5.0 (Windows NT 10.0; Win64; x64) AppleWebKit/537.36 (KHTML, like Gecko) Chrome/79.0.3945.79 Safari/537.36 [] {"uid":"fcdbc24"}
[2019-12-15 01:25:06] UTN FRA LOGGER.INFO: ip = [] {"uid":"fcdbc24"}
[2019-12-15 01:26:35] UTN FRA LOGGER.INFO: Datos  =Mozilla/5.0 (Windows NT 10.0; Win64; x64) AppleWebKit/537.36 (KHTML, like Gecko) Chrome/79.0.3945.79 Safari/537.36 [] {"uid":"3062dc0"}
[2019-12-15 01:26:35] UTN FRA LOGGER.INFO: ip = [] {"uid":"3062dc0"}
[2019-12-15 01:26:56] UTN FRA LOGGER.INFO: Datos  =Mozilla/5.0 (Windows NT 10.0; Win64; x64) AppleWebKit/537.36 (KHTML, like Gecko) Chrome/79.0.3945.79 Safari/537.36 [] {"uid":"5445bc3"}
[2019-12-15 01:26:56] UTN FRA LOGGER.INFO: ip = [] {"uid":"5445bc3"}
[2019-12-15 02:49:17] UTN FRA LOGGER.INFO: Datos  =Mozilla/5.0 (Windows NT 10.0; Win64; x64) AppleWebKit/537.36 (KHTML, like Gecko) Chrome/79.0.3945.79 Safari/537.36 [] {"uid":"8d5bec7"}
[2019-12-15 02:49:17] UTN FRA LOGGER.INFO: ip = [] {"uid":"8d5bec7"}
[2019-12-15 02:51:09] UTN FRA LOGGER.INFO: Datos  =Mozilla/5.0 (Windows NT 10.0; Win64; x64) AppleWebKit/537.36 (KHTML, like Gecko) Chrome/79.0.3945.79 Safari/537.36 [] {"uid":"5198732"}
[2019-12-15 02:51:09] UTN FRA LOGGER.INFO: ip = [] {"uid":"5198732"}
[2019-12-15 02:51:29] UTN FRA LOGGER.INFO: Datos  =Mozilla/5.0 (Windows NT 10.0; Win64; x64) AppleWebKit/537.36 (KHTML, like Gecko) Chrome/79.0.3945.79 Safari/537.36 [] {"uid":"e740997"}
[2019-12-15 02:51:29] UTN FRA LOGGER.INFO: ip = [] {"uid":"e740997"}
[2019-12-15 02:56:11] UTN FRA LOGGER.INFO: Datos  =Mozilla/5.0 (Windows NT 10.0; Win64; x64) AppleWebKit/537.36 (KHTML, like Gecko) Chrome/79.0.3945.79 Safari/537.36 [] {"uid":"fa980ab"}
[2019-12-15 02:56:11] UTN FRA LOGGER.INFO: ip = [] {"uid":"fa980ab"}
[2019-12-15 02:56:56] UTN FRA LOGGER.INFO: Datos  =Mozilla/5.0 (Windows NT 10.0; Win64; x64) AppleWebKit/537.36 (KHTML, like Gecko) Chrome/79.0.3945.79 Safari/537.36 [] {"uid":"636e0ec"}
[2019-12-15 02:56:56] UTN FRA LOGGER.INFO: ip = [] {"uid":"636e0ec"}
[2019-12-15 02:57:05] UTN FRA LOGGER.INFO: Datos  =Mozilla/5.0 (Windows NT 10.0; Win64; x64) AppleWebKit/537.36 (KHTML, like Gecko) Chrome/79.0.3945.79 Safari/537.36 [] {"uid":"2f2c247"}
[2019-12-15 02:57:05] UTN FRA LOGGER.INFO: ip = [] {"uid":"2f2c247"}
[2019-12-15 02:57:45] UTN FRA LOGGER.INFO: Datos  =Mozilla/5.0 (Windows NT 10.0; Win64; x64) AppleWebKit/537.36 (KHTML, like Gecko) Chrome/79.0.3945.79 Safari/537.36 [] {"uid":"49350bc"}
[2019-12-15 02:57:45] UTN FRA LOGGER.INFO: ip = [] {"uid":"49350bc"}
[2019-12-15 02:58:17] UTN FRA LOGGER.INFO: Datos  =Mozilla/5.0 (Windows NT 10.0; Win64; x64) AppleWebKit/537.36 (KHTML, like Gecko) Chrome/79.0.3945.79 Safari/537.36 [] {"uid":"544b71e"}
[2019-12-15 02:58:17] UTN FRA LOGGER.INFO: ip = [] {"uid":"544b71e"}
[2019-12-15 03:00:14] UTN FRA LOGGER.INFO: Datos  =Mozilla/5.0 (Windows NT 10.0; Win64; x64) AppleWebKit/537.36 (KHTML, like Gecko) Chrome/79.0.3945.79 Safari/537.36 [] {"uid":"80f8b99"}
[2019-12-15 03:00:14] UTN FRA LOGGER.INFO: ip = [] {"uid":"80f8b99"}
[2019-12-15 03:01:50] UTN FRA LOGGER.INFO: Datos  =Mozilla/5.0 (Windows NT 10.0; Win64; x64) AppleWebKit/537.36 (KHTML, like Gecko) Chrome/79.0.3945.79 Safari/537.36 [] {"uid":"48f59d9"}
[2019-12-15 03:01:50] UTN FRA LOGGER.INFO: ip = [] {"uid":"48f59d9"}
[2019-12-15 03:01:57] UTN FRA LOGGER.INFO: Datos  =Mozilla/5.0 (Windows NT 10.0; Win64; x64) AppleWebKit/537.36 (KHTML, like Gecko) Chrome/79.0.3945.79 Safari/537.36 [] {"uid":"2c39d43"}
[2019-12-15 03:01:57] UTN FRA LOGGER.INFO: ip = [] {"uid":"2c39d43"}
[2019-12-15 03:10:30] UTN FRA LOGGER.INFO: Datos  =Mozilla/5.0 (Windows NT 10.0; Win64; x64) AppleWebKit/537.36 (KHTML, like Gecko) Chrome/79.0.3945.79 Safari/537.36 [] {"uid":"cdad5a4"}
[2019-12-15 03:10:30] UTN FRA LOGGER.INFO: ip = [] {"uid":"cdad5a4"}
[2019-12-15 03:11:04] UTN FRA LOGGER.INFO: Datos  =Mozilla/5.0 (Windows NT 10.0; Win64; x64) AppleWebKit/537.36 (KHTML, like Gecko) Chrome/79.0.3945.79 Safari/537.36 [] {"uid":"f410fc7"}
[2019-12-15 03:11:04] UTN FRA LOGGER.INFO: ip = [] {"uid":"f410fc7"}
[2019-12-15 04:25:56] UTN FRA LOGGER.INFO: Datos  =Mozilla/5.0 (Windows NT 10.0; Win64; x64) AppleWebKit/537.36 (KHTML, like Gecko) Chrome/79.0.3945.79 Safari/537.36 [] {"uid":"455bc00"}
[2019-12-15 04:25:56] UTN FRA LOGGER.INFO: ip = [] {"uid":"455bc00"}
[2019-12-15 04:31:40] UTN FRA LOGGER.INFO: Datos  =Mozilla/5.0 (Windows NT 10.0; Win64; x64) AppleWebKit/537.36 (KHTML, like Gecko) Chrome/79.0.3945.79 Safari/537.36 [] {"uid":"f0dd452"}
[2019-12-15 04:31:40] UTN FRA LOGGER.INFO: ip = [] {"uid":"f0dd452"}
[2019-12-15 04:39:45] UTN FRA LOGGER.INFO: Datos  =Mozilla/5.0 (Windows NT 10.0; Win64; x64) AppleWebKit/537.36 (KHTML, like Gecko) Chrome/79.0.3945.79 Safari/537.36 [] {"uid":"a492090"}
[2019-12-15 04:39:45] UTN FRA LOGGER.INFO: ip = [] {"uid":"a492090"}
[2019-12-15 04:42:24] UTN FRA LOGGER.INFO: Datos  =Mozilla/5.0 (Windows NT 10.0; Win64; x64) AppleWebKit/537.36 (KHTML, like Gecko) Chrome/79.0.3945.79 Safari/537.36 [] {"uid":"fb150b9"}
[2019-12-15 04:42:24] UTN FRA LOGGER.INFO: ip = [] {"uid":"fb150b9"}
[2019-12-15 04:42:27] UTN FRA LOGGER.INFO: Datos  =Mozilla/5.0 (Windows NT 10.0; Win64; x64) AppleWebKit/537.36 (KHTML, like Gecko) Chrome/79.0.3945.79 Safari/537.36 [] {"uid":"0d4baf6"}
[2019-12-15 04:42:27] UTN FRA LOGGER.INFO: ip = [] {"uid":"0d4baf6"}
[2019-12-15 04:43:07] UTN FRA LOGGER.INFO: Datos  =Mozilla/5.0 (Windows NT 10.0; Win64; x64) AppleWebKit/537.36 (KHTML, like Gecko) Chrome/79.0.3945.79 Safari/537.36 [] {"uid":"fe5e90e"}
[2019-12-15 04:43:07] UTN FRA LOGGER.INFO: ip = [] {"uid":"fe5e90e"}
[2019-12-15 04:43:27] UTN FRA LOGGER.INFO: Datos  =Mozilla/5.0 (Windows NT 10.0; Win64; x64) AppleWebKit/537.36 (KHTML, like Gecko) Chrome/79.0.3945.79 Safari/537.36 [] {"uid":"21798e5"}
[2019-12-15 04:43:27] UTN FRA LOGGER.INFO: ip = [] {"uid":"21798e5"}
[2019-12-15 04:43:43] UTN FRA LOGGER.INFO: Datos  =Mozilla/5.0 (Windows NT 10.0; Win64; x64) AppleWebKit/537.36 (KHTML, like Gecko) Chrome/79.0.3945.79 Safari/537.36 [] {"uid":"d0593a8"}
[2019-12-15 04:43:43] UTN FRA LOGGER.INFO: ip = [] {"uid":"d0593a8"}
[2019-12-15 04:46:05] UTN FRA LOGGER.INFO: Datos  =Mozilla/5.0 (Windows NT 10.0; Win64; x64) AppleWebKit/537.36 (KHTML, like Gecko) Chrome/79.0.3945.79 Safari/537.36 [] {"uid":"88f15a2"}
[2019-12-15 04:46:05] UTN FRA LOGGER.INFO: ip = [] {"uid":"88f15a2"}
[2019-12-15 04:46:16] UTN FRA LOGGER.INFO: Datos  =Mozilla/5.0 (Windows NT 10.0; Win64; x64) AppleWebKit/537.36 (KHTML, like Gecko) Chrome/79.0.3945.79 Safari/537.36 [] {"uid":"598b891"}
[2019-12-15 04:46:16] UTN FRA LOGGER.INFO: ip = [] {"uid":"598b891"}
[2019-12-15 04:46:20] UTN FRA LOGGER.INFO: Datos  =Mozilla/5.0 (Windows NT 10.0; Win64; x64) AppleWebKit/537.36 (KHTML, like Gecko) Chrome/79.0.3945.79 Safari/537.36 [] {"uid":"4241e9c"}
[2019-12-15 04:46:20] UTN FRA LOGGER.INFO: ip = [] {"uid":"4241e9c"}
[2019-12-15 04:50:17] UTN FRA LOGGER.INFO: Datos  =Mozilla/5.0 (Windows NT 10.0; Win64; x64) AppleWebKit/537.36 (KHTML, like Gecko) Chrome/79.0.3945.79 Safari/537.36 [] {"uid":"056b349"}
[2019-12-15 04:50:17] UTN FRA LOGGER.INFO: ip = [] {"uid":"056b349"}
[2019-12-15 04:50:24] UTN FRA LOGGER.INFO: Datos  =Mozilla/5.0 (Windows NT 10.0; Win64; x64) AppleWebKit/537.36 (KHTML, like Gecko) Chrome/79.0.3945.79 Safari/537.36 [] {"uid":"8fe4976"}
[2019-12-15 04:50:24] UTN FRA LOGGER.INFO: ip = [] {"uid":"8fe4976"}
[2019-12-15 04:50:28] UTN FRA LOGGER.INFO: Datos  =Mozilla/5.0 (Windows NT 10.0; Win64; x64) AppleWebKit/537.36 (KHTML, like Gecko) Chrome/79.0.3945.79 Safari/537.36 [] {"uid":"0d7f0aa"}
[2019-12-15 04:50:28] UTN FRA LOGGER.INFO: ip = [] {"uid":"0d7f0aa"}
[2019-12-15 06:27:28] UTN FRA LOGGER.INFO: Datos  =Mozilla/5.0 (Windows NT 10.0; Win64; x64) AppleWebKit/537.36 (KHTML, like Gecko) Chrome/79.0.3945.79 Safari/537.36 [] {"uid":"c0c3718"}
[2019-12-15 06:27:28] UTN FRA LOGGER.INFO: ip = [] {"uid":"c0c3718"}
[2019-12-15 06:27:33] UTN FRA LOGGER.INFO: Datos  =Mozilla/5.0 (Windows NT 10.0; Win64; x64) AppleWebKit/537.36 (KHTML, like Gecko) Chrome/79.0.3945.79 Safari/537.36 [] {"uid":"0d2e00c"}
[2019-12-15 06:27:33] UTN FRA LOGGER.INFO: ip = [] {"uid":"0d2e00c"}
[2019-12-15 06:28:05] UTN FRA LOGGER.INFO: Datos  =Mozilla/5.0 (Windows NT 10.0; Win64; x64) AppleWebKit/537.36 (KHTML, like Gecko) Chrome/79.0.3945.79 Safari/537.36 [] {"uid":"2495b0a"}
[2019-12-15 06:28:05] UTN FRA LOGGER.INFO: ip = [] {"uid":"2495b0a"}
